#
# A fatal error has been detected by the Java Runtime Environment:
#
#  Internal Error (javaCalls.cpp:51), pid=6247, tid=0x00007f7eea984700
#  guarantee(thread->is_Java_thread()) failed: crucial check - the VM thread cannot and must not escape to Java code
#
# JRE version: Java(TM) SE Runtime Environment (8.0_181-b13) (build 1.8.0_181-b13)
# Java VM: Java HotSpot(TM) 64-Bit Server VM (25.181-b13 mixed mode linux-amd64 compressed oops)
# Failed to write core dump. Core dumps have been disabled. To enable core dumping, try "ulimit -c unlimited" before starting Java again
#
# If you would like to submit a bug report, please visit:
#   http://bugreport.java.com/bugreport/crash.jsp
#

---------------  T H R E A D  ---------------

Current thread (0x00007f7f00145000):  VMThread [stack: 0x00007f7eea885000,0x00007f7eea985000] [id=6259]

Stack: [0x00007f7eea885000,0x00007f7eea985000],  sp=0x00007f7eea9824c0,  free space=1013k
Native frames: (J=compiled Java code, j=interpreted, Vv=VM code, C=native code)
V  [libjvm.so+0xad21aa]  VMError::report_and_die()+0x2ba
V  [libjvm.so+0x501a32]  report_vm_error(char const*, int, char const*, char const*)+0x62
V  [libjvm.so+0x6965d7]  JavaCallWrapper::JavaCallWrapper(methodHandle, Handle, JavaValue*, Thread*)+0x267
V  [libjvm.so+0x6972a4]  JavaCalls::call_helper(JavaValue*, methodHandle*, JavaCallArguments*, Thread*)+0x884
V  [libjvm.so+0x698e31]  JavaCalls::call_special(JavaValue*, KlassHandle, Symbol*, Symbol*, JavaCallArguments*, Thread*)+0x2d1
V  [libjvm.so+0x5855fa]  Exceptions::new_exception(Thread*, Symbol*, Symbol*, JavaCallArguments*, Handle, Handle)+0x17a
V  [libjvm.so+0x5856b2]  Exceptions::new_exception(Thread*, Symbol*, Symbol*, JavaCallArguments*, Handle, Handle, Handle)+0x22
V  [libjvm.so+0x585c61]  Exceptions::new_exception(Thread*, Symbol*, char const*, Handle, Handle, Handle, Exceptions::ExceptionMsgToUtf8Mode)+0x1d1
V  [libjvm.so+0x585cf8]  Exceptions::new_exception(Thread*, Symbol*, char const*, Exceptions::ExceptionMsgToUtf8Mode)+0x18
V  [libjvm.so+0x5f3d6b]  GenerateOopMap::verify_error(char const*, ...)+0x8b
V  [libjvm.so+0x5fbf21]  GenerateOopMap::init_basic_blocks()+0x571
V  [libjvm.so+0x5fc0f5]  GenerateOopMap::do_interpretation()+0x55
V  [libjvm.so+0x5fc5cd]  GenerateOopMap::compute_map(Thread*)+0x34d
V  [libjvm.so+0x91fcd4]  OopMapForCacheEntry::compute_map(Thread*)+0xb4
V  [libjvm.so+0x921a92]  OopMapCacheEntry::fill(methodHandle, int)+0x2d2
V  [libjvm.so+0x922f15]  OopMapCache::lookup(methodHandle, int, InterpreterOopMap*) const+0xa05
V  [libjvm.so+0x64ab92]  InstanceKlass::mask_for(methodHandle, int, InterpreterOopMap*)+0x82
V  [libjvm.so+0x8bd3fd]  Method::mask_for(int, InterpreterOopMap*)+0x9d
V  [libjvm.so+0x7affb4]  VM_GetOrSetLocal::doit()+0x54
V  [libjvm.so+0xadb745]  VM_Operation::evaluate()+0x55
V  [libjvm.so+0xad9b0a]  VMThread::evaluate_operation(VM_Operation*)+0xba
V  [libjvm.so+0xad9e8e]  VMThread::loop()+0x1ce
V  [libjvm.so+0xada300]  VMThread::run()+0x70
V  [libjvm.so+0x930198]  java_start(Thread*)+0x108

VM_Operation (0x00007f7eea37b640): GetOrSetLocal, mode: safepoint, requested by thread 0x00007f7f0018f800


---------------  P R O C E S S  ---------------

Java Threads: ( => current thread )
  0x00007f7e90156800 JavaThread "TimerQueue" daemon [_thread_blocked, id=6291, stack(0x00007f7eaa72a000,0x00007f7eaa82b000)]
  0x00007f7f00010000 JavaThread "DestroyJavaVM" [_thread_blocked, id=6249, stack(0x00007f7f0818e000,0x00007f7f0828e000)]
  0x00007f7f003a8000 JavaThread "AWT-EventQueue-0" [_thread_blocked, id=6280, stack(0x00007f7eab5d4000,0x00007f7eab6d5000)]
  0x00007f7f003a6800 JavaThread "AWT-Shutdown" [_thread_blocked, id=6279, stack(0x00007f7eab6d5000,0x00007f7eab7d6000)]
  0x00007f7f0039e000 JavaThread "AWT-XAWT" daemon [_thread_in_native, id=6278, stack(0x00007f7eab7d6000,0x00007f7eab8d7000)]
  0x00007f7f0037e000 JavaThread "Java2D Disposer" daemon [_thread_blocked, id=6277, stack(0x00007f7eabce7000,0x00007f7eabde8000)]
  0x00007f7f002bd800 JavaThread "Service Thread" daemon [_thread_blocked, id=6275, stack(0x00007f7ee9c76000,0x00007f7ee9d77000)]
  0x00007f7f00244000 JavaThread "C1 CompilerThread2" daemon [_thread_blocked, id=6274, stack(0x00007f7ee9d78000,0x00007f7ee9e78000)]
  0x00007f7f00246000 JavaThread "C2 CompilerThread1" daemon [_thread_blocked, id=6273, stack(0x00007f7ee9e79000,0x00007f7ee9f79000)]
  0x00007f7f002d0800 JavaThread "C2 CompilerThread0" daemon [_thread_blocked, id=6272, stack(0x00007f7ee9f7a000,0x00007f7eea07a000)]
  0x00007f7ec8001000 JavaThread "JDWP Command Reader" daemon [_thread_in_native, id=6268, stack(0x00007f7eea07a000,0x00007f7eea17b000)]
  0x00007f7f00193000 JavaThread "JDWP Event Helper Thread" daemon [_thread_blocked, id=6267, stack(0x00007f7eea17b000,0x00007f7eea27c000)]
  0x00007f7f0018f800 JavaThread "JDWP Transport Listener: dt_socket" daemon [_thread_blocked, id=6264, stack(0x00007f7eea27c000,0x00007f7eea37d000)]
  0x00007f7f00183000 JavaThread "Signal Dispatcher" daemon [_thread_blocked, id=6262, stack(0x00007f7eea581000,0x00007f7eea682000)]
  0x00007f7f00151000 JavaThread "Finalizer" daemon [_thread_blocked, id=6261, stack(0x00007f7eea682000,0x00007f7eea783000)]
  0x00007f7f0014e800 JavaThread "Reference Handler" daemon [_thread_blocked, id=6260, stack(0x00007f7eea783000,0x00007f7eea884000)]

Other Threads:
=>0x00007f7f00145000 VMThread [stack: 0x00007f7eea885000,0x00007f7eea985000] [id=6259]
  0x00007f7f0030b800 WatcherThread [stack: 0x00007f7ee9b76000,0x00007f7ee9c76000] [id=6276]

VM state:at safepoint (normal execution)

VM Mutex/Monitor currently owned by a thread:  ([mutex/lock_event])
[0x00007f7f0000c430] Threads_lock - owner thread: 0x00007f7f00145000

Heap:
 PSYoungGen      total 36352K, used 24489K [0x00000000d7900000, 0x00000000da180000, 0x0000000100000000)
  eden space 31232K, 78% used [0x00000000d7900000,0x00000000d90ea660,0x00000000d9780000)
  from space 5120K, 0% used [0x00000000d9c80000,0x00000000d9c80000,0x00000000da180000)
  to   space 5120K, 0% used [0x00000000d9780000,0x00000000d9780000,0x00000000d9c80000)
 ParOldGen       total 83456K, used 0K [0x0000000086a00000, 0x000000008bb80000, 0x00000000d7900000)
  object space 83456K, 0% used [0x0000000086a00000,0x0000000086a00000,0x000000008bb80000)
 Metaspace       used 15692K, capacity 15870K, committed 16128K, reserved 1062912K
  class space    used 1924K, capacity 2002K, committed 2048K, reserved 1048576K

Card table byte_map: [0x00007f7ef0874000,0x00007f7ef0c40000] byte_map_base: 0x00007f7ef043f000

Marking Bits: (ParMarkBitMap*) 0x00007f7f0762b0a0
 Begin Bits: [0x00007f7eec639000, 0x00007f7eee491000)
 End Bits:   [0x00007f7eee491000, 0x00007f7ef02e9000)

Polling page: 0x00007f7f082a8000

CodeCache: size=245760Kb used=4064Kb max_used=4134Kb free=241695Kb
 bounds [0x00007f7ef1000000, 0x00007f7ef1410000, 0x00007f7f00000000]
 total_blobs=1722 nmethods=1148 adapters=495
 compilation: enabled

Compilation events (10 events):
Event: 1088.451 Thread 0x00007f7f00244000 1197       3       org.eclipse.jdt.launching.internal.org.objectweb.asm.MethodWriter::visitMethodInsn (191 bytes)
Event: 1088.452 Thread 0x00007f7f00244000 nmethod 1197 0x00007f7ef11e7bd0 code [0x00007f7ef11e7de0, 0x00007f7ef11e88e8]
Event: 1088.452 Thread 0x00007f7f002d0800 1200       4       org.eclipse.jdt.launching.internal.org.objectweb.asm.ClassReader::readUTF (161 bytes)
Event: 1088.466 Thread 0x00007f7f00246000 1201       4       org.eclipse.jdt.launching.internal.org.objectweb.asm.ByteVector::putUTF8 (142 bytes)
Event: 1088.471 Thread 0x00007f7f00244000 1198       3       org.eclipse.jdt.launching.internal.org.objectweb.asm.SymbolTable::addConstantMethodref (24 bytes)
Event: 1088.471 Thread 0x00007f7f00244000 nmethod 1198 0x00007f7ef1144bd0 code [0x00007f7ef1144d40, 0x00007f7ef1144f68]
Event: 1088.471 Thread 0x00007f7f00244000 1199       3       org.eclipse.jdt.launching.internal.org.objectweb.asm.MethodWriter::visitInsn (115 bytes)
Event: 1088.472 Thread 0x00007f7f00244000 nmethod 1199 0x00007f7ef11d9b10 code [0x00007f7ef11d9cc0, 0x00007f7ef11da188]
Event: 1088.472 Thread 0x00007f7f002d0800 nmethod 1200 0x00007f7ef11255d0 code [0x00007f7ef1125760, 0x00007f7ef1126158]
Event: 1088.486 Thread 0x00007f7f00246000 nmethod 1201 0x00007f7ef11e1350 code [0x00007f7ef11e14e0, 0x00007f7ef11e1d38]

GC Heap History (0 events):
No events

Deoptimization events (4 events):
Event: 2.261 Thread 0x00007f7f003a8000 Uncommon trap: reason=class_check action=maybe_recompile pc=0x00007f7ef1169e10 method=java.lang.String.equals(Ljava/lang/Object;)Z @ 8
Event: 2.262 Thread 0x00007f7f003a8000 Uncommon trap: reason=class_check action=maybe_recompile pc=0x00007f7ef1169e10 method=java.lang.String.equals(Ljava/lang/Object;)Z @ 8
Event: 2.262 Thread 0x00007f7f003a8000 Uncommon trap: reason=class_check action=maybe_recompile pc=0x00007f7ef1169e10 method=java.lang.String.equals(Ljava/lang/Object;)Z @ 8
Event: 2.262 Thread 0x00007f7f003a8000 Uncommon trap: reason=class_check action=maybe_recompile pc=0x00007f7ef1169e10 method=java.lang.String.equals(Ljava/lang/Object;)Z @ 8

Classes redefined (1 events):
Event: 1088.466 Thread 0x00007f7f00145000 redefined class name=parser.Parser, count=1

Internal exceptions (10 events):
Event: 0.429 Thread 0x00007f7f00010000 Exception <a 'java/security/PrivilegedActionException'> (0x00000000d7f14f90) thrown at [/HUDSON/workspace/8-2-build-linux-amd64/jdk8u181/11358/hotspot/src/share/vm/prims/jvm.cpp, line 1435]
Event: 0.429 Thread 0x00007f7f00010000 Exception <a 'java/security/PrivilegedActionException'> (0x00000000d7f151a0) thrown at [/HUDSON/workspace/8-2-build-linux-amd64/jdk8u181/11358/hotspot/src/share/vm/prims/jvm.cpp, line 1435]
Event: 0.429 Thread 0x00007f7f00010000 Exception <a 'java/security/PrivilegedActionException'> (0x00000000d7f17608) thrown at [/HUDSON/workspace/8-2-build-linux-amd64/jdk8u181/11358/hotspot/src/share/vm/prims/jvm.cpp, line 1435]
Event: 0.429 Thread 0x00007f7f00010000 Exception <a 'java/security/PrivilegedActionException'> (0x00000000d7f17818) thrown at [/HUDSON/workspace/8-2-build-linux-amd64/jdk8u181/11358/hotspot/src/share/vm/prims/jvm.cpp, line 1435]
Event: 0.457 Thread 0x00007f7f00010000 Exception <a 'java/lang/NoSuchFieldError': method resolution failed> (0x00000000d804c3c0) thrown at [/HUDSON/workspace/8-2-build-linux-amd64/jdk8u181/11358/hotspot/src/share/vm/prims/methodHandles.cpp, line 1167]
Event: 0.459 Thread 0x00007f7f00010000 Exception <a 'java/lang/NoSuchFieldError': method resolution failed> (0x00000000d805a608) thrown at [/HUDSON/workspace/8-2-build-linux-amd64/jdk8u181/11358/hotspot/src/share/vm/prims/methodHandles.cpp, line 1167]
Event: 0.475 Thread 0x00007f7f00010000 Exception <a 'java/io/FileNotFoundException'> (0x00000000d80fee08) thrown at [/HUDSON/workspace/8-2-build-linux-amd64/jdk8u181/11358/hotspot/src/share/vm/prims/jni.cpp, line 709]
Event: 0.475 Thread 0x00007f7f00010000 Exception <a 'java/io/FileNotFoundException'> (0x00000000d80ff7c8) thrown at [/HUDSON/workspace/8-2-build-linux-amd64/jdk8u181/11358/hotspot/src/share/vm/prims/jni.cpp, line 709]
Event: 0.854 Thread 0x00007f7f003a8000 Exception <a 'java/lang/UnsupportedOperationException': > (0x00000000d87bb298) thrown at [/HUDSON/workspace/8-2-build-linux-amd64/jdk8u181/11358/hotspot/src/share/vm/prims/jni.cpp, line 735]
Event: 2.361 Thread 0x00007f7f003a8000 Exception <a 'java/lang/UnsupportedOperationException': > (0x00000000d8c4ac50) thrown at [/HUDSON/workspace/8-2-build-linux-amd64/jdk8u181/11358/hotspot/src/share/vm/prims/jni.cpp, line 735]

Events (10 events):
Event: 1089.863 Executing VM operation: GetCurrentContendedMonitor done
Event: 1089.863 Executing VM operation: GetOwnedMonitorInfo
Event: 1089.863 Executing VM operation: GetOwnedMonitorInfo done
Event: 1089.994 Executing VM operation: ChangeBreakpoints
Event: 1089.994 Executing VM operation: ChangeBreakpoints done
Event: 1090.686 Executing VM operation: ChangeBreakpoints
Event: 1090.686 Executing VM operation: ChangeBreakpoints done
Event: 1092.445 Executing VM operation: ChangeBreakpoints
Event: 1092.445 Executing VM operation: ChangeBreakpoints done
Event: 1104.538 Executing VM operation: GetOrSetLocal


Dynamic libraries:
00400000-00401000 r-xp 00000000 08:01 33955536                           /usr/lib/jvm/java-8-oracle/bin/java
00600000-00601000 rw-p 00000000 08:01 33955536                           /usr/lib/jvm/java-8-oracle/bin/java
024f0000-02511000 rw-p 00000000 00:00 0                                  [heap]
86a00000-8bb80000 rw-p 00000000 00:00 0 
8bb80000-d7900000 ---p 00000000 00:00 0 
d7900000-da180000 rw-p 00000000 00:00 0 
da180000-100000000 ---p 00000000 00:00 0 
100000000-100200000 rw-p 00000000 00:00 0 
100200000-140000000 ---p 00000000 00:00 0 
7f7e88000000-7f7e88021000 rw-p 00000000 00:00 0 
7f7e88021000-7f7e8c000000 ---p 00000000 00:00 0 
7f7e8c000000-7f7e8c021000 rw-p 00000000 00:00 0 
7f7e8c021000-7f7e90000000 ---p 00000000 00:00 0 
7f7e90000000-7f7e90462000 rw-p 00000000 00:00 0 
7f7e90462000-7f7e94000000 ---p 00000000 00:00 0 
7f7e94000000-7f7e94021000 rw-p 00000000 00:00 0 
7f7e94021000-7f7e98000000 ---p 00000000 00:00 0 
7f7e98000000-7f7e9802f000 rw-p 00000000 00:00 0 
7f7e9802f000-7f7e9c000000 ---p 00000000 00:00 0 
7f7e9c000000-7f7e9c021000 rw-p 00000000 00:00 0 
7f7e9c021000-7f7ea0000000 ---p 00000000 00:00 0 
7f7ea0000000-7f7ea0021000 rw-p 00000000 00:00 0 
7f7ea0021000-7f7ea4000000 ---p 00000000 00:00 0 
7f7ea4000000-7f7ea4021000 rw-p 00000000 00:00 0 
7f7ea4021000-7f7ea8000000 ---p 00000000 00:00 0 
7f7eaa629000-7f7eaa62c000 ---p 00000000 00:00 0 
7f7eaa62c000-7f7eaa72a000 rw-p 00000000 00:00 0 
7f7eaa72a000-7f7eaa72d000 ---p 00000000 00:00 0 
7f7eaa72d000-7f7eaa9eb000 rw-p 00000000 00:00 0 
7f7eaa9eb000-7f7eaaa2e000 ---p 00000000 00:00 0 
7f7eaaa2e000-7f7eaad2c000 rw-p 00000000 00:00 0 
7f7eaad2c000-7f7eaad96000 r-xp 00000000 08:01 38538878                   /usr/lib/jvm/java-8-oracle/jre/lib/amd64/libt2k.so
7f7eaad96000-7f7eaaf95000 ---p 0006a000 08:01 38538878                   /usr/lib/jvm/java-8-oracle/jre/lib/amd64/libt2k.so
7f7eaaf95000-7f7eaaf9c000 rw-p 00069000 08:01 38538878                   /usr/lib/jvm/java-8-oracle/jre/lib/amd64/libt2k.so
7f7eaaf9c000-7f7eaafac000 rw-p 00000000 00:00 0 
7f7eaafac000-7f7eaafbd000 r-xp 00000000 08:01 38538913                   /usr/lib/jvm/java-8-oracle/jre/lib/amd64/libnio.so
7f7eaafbd000-7f7eab1bc000 ---p 00011000 08:01 38538913                   /usr/lib/jvm/java-8-oracle/jre/lib/amd64/libnio.so
7f7eab1bc000-7f7eab1bd000 rw-p 00010000 08:01 38538913                   /usr/lib/jvm/java-8-oracle/jre/lib/amd64/libnio.so
7f7eab1bd000-7f7eab1d3000 r-xp 00000000 08:01 38538910                   /usr/lib/jvm/java-8-oracle/jre/lib/amd64/libnet.so
7f7eab1d3000-7f7eab3d3000 ---p 00016000 08:01 38538910                   /usr/lib/jvm/java-8-oracle/jre/lib/amd64/libnet.so
7f7eab3d3000-7f7eab3d4000 rw-p 00016000 08:01 38538910                   /usr/lib/jvm/java-8-oracle/jre/lib/amd64/libnet.so
7f7eab3d4000-7f7eab5d4000 rw-p 00000000 00:00 0 
7f7eab5d4000-7f7eab5d7000 ---p 00000000 00:00 0 
7f7eab5d7000-7f7eab6d5000 rw-p 00000000 00:00 0 
7f7eab6d5000-7f7eab6d8000 ---p 00000000 00:00 0 
7f7eab6d8000-7f7eab7d6000 rw-p 00000000 00:00 0 
7f7eab7d6000-7f7eab7d9000 ---p 00000000 00:00 0 
7f7eab7d9000-7f7eab8d7000 rw-p 00000000 00:00 0 
7f7eab8d7000-7f7eab8dc000 r-xp 00000000 08:01 31989345                   /usr/lib/x86_64-linux-gnu/libXfixes.so.3.1.0
7f7eab8dc000-7f7eabadb000 ---p 00005000 08:01 31989345                   /usr/lib/x86_64-linux-gnu/libXfixes.so.3.1.0
7f7eabadb000-7f7eabadc000 r--p 00004000 08:01 31989345                   /usr/lib/x86_64-linux-gnu/libXfixes.so.3.1.0
7f7eabadc000-7f7eabadd000 rw-p 00005000 08:01 31989345                   /usr/lib/x86_64-linux-gnu/libXfixes.so.3.1.0
7f7eabadd000-7f7eabae6000 r-xp 00000000 08:01 31989337                   /usr/lib/x86_64-linux-gnu/libXcursor.so.1.0.2
7f7eabae6000-7f7eabce5000 ---p 00009000 08:01 31989337                   /usr/lib/x86_64-linux-gnu/libXcursor.so.1.0.2
7f7eabce5000-7f7eabce6000 r--p 00008000 08:01 31989337                   /usr/lib/x86_64-linux-gnu/libXcursor.so.1.0.2
7f7eabce6000-7f7eabce7000 rw-p 00009000 08:01 31989337                   /usr/lib/x86_64-linux-gnu/libXcursor.so.1.0.2
7f7eabce7000-7f7eabcea000 ---p 00000000 00:00 0 
7f7eabcea000-7f7eabde8000 rw-p 00000000 00:00 0 
7f7eabde8000-7f7eabdff000 r-xp 00000000 08:01 40374883                   /lib/x86_64-linux-gnu/libgcc_s.so.1
7f7eabdff000-7f7eabffe000 ---p 00017000 08:01 40374883                   /lib/x86_64-linux-gnu/libgcc_s.so.1
7f7eabffe000-7f7eabfff000 r--p 00016000 08:01 40374883                   /lib/x86_64-linux-gnu/libgcc_s.so.1
7f7eabfff000-7f7eac000000 rw-p 00017000 08:01 40374883                   /lib/x86_64-linux-gnu/libgcc_s.so.1
7f7eac000000-7f7eac576000 rw-p 00000000 00:00 0 
7f7eac576000-7f7eb0000000 ---p 00000000 00:00 0 
7f7eb0000000-7f7eb0021000 rw-p 00000000 00:00 0 
7f7eb0021000-7f7eb4000000 ---p 00000000 00:00 0 
7f7eb4000000-7f7eb4141000 rw-p 00000000 00:00 0 
7f7eb4141000-7f7eb8000000 ---p 00000000 00:00 0 
7f7eb8000000-7f7eb81f9000 rw-p 00000000 00:00 0 
7f7eb81f9000-7f7ebc000000 ---p 00000000 00:00 0 
7f7ebc000000-7f7ebc021000 rw-p 00000000 00:00 0 
7f7ebc021000-7f7ec0000000 ---p 00000000 00:00 0 
7f7ec0000000-7f7ec0021000 rw-p 00000000 00:00 0 
7f7ec0021000-7f7ec4000000 ---p 00000000 00:00 0 
7f7ec4000000-7f7ec4021000 rw-p 00000000 00:00 0 
7f7ec4021000-7f7ec8000000 ---p 00000000 00:00 0 
7f7ec8000000-7f7ec803b000 rw-p 00000000 00:00 0 
7f7ec803b000-7f7ecc000000 ---p 00000000 00:00 0 
7f7ecc000000-7f7ecc021000 rw-p 00000000 00:00 0 
7f7ecc021000-7f7ed0000000 ---p 00000000 00:00 0 
7f7ed0000000-7f7ed0021000 rw-p 00000000 00:00 0 
7f7ed0021000-7f7ed4000000 ---p 00000000 00:00 0 
7f7ed4000000-7f7ed4021000 rw-p 00000000 00:00 0 
7f7ed4021000-7f7ed8000000 ---p 00000000 00:00 0 
7f7ed8000000-7f7ed82ad000 rw-p 00000000 00:00 0 
7f7ed82ad000-7f7edc000000 ---p 00000000 00:00 0 
7f7edc000000-7f7edc021000 rw-p 00000000 00:00 0 
7f7edc021000-7f7ee0000000 ---p 00000000 00:00 0 
7f7ee0000000-7f7ee0021000 rw-p 00000000 00:00 0 
7f7ee0021000-7f7ee4000000 ---p 00000000 00:00 0 
7f7ee4000000-7f7ee4021000 rw-p 00000000 00:00 0 
7f7ee4021000-7f7ee8000000 ---p 00000000 00:00 0 
7f7ee8020000-7f7ee8085000 r-xp 00000000 08:01 38538890                   /usr/lib/jvm/java-8-oracle/jre/lib/amd64/libfontmanager.so
7f7ee8085000-7f7ee8284000 ---p 00065000 08:01 38538890                   /usr/lib/jvm/java-8-oracle/jre/lib/amd64/libfontmanager.so
7f7ee8284000-7f7ee8289000 rw-p 00064000 08:01 38538890                   /usr/lib/jvm/java-8-oracle/jre/lib/amd64/libfontmanager.so
7f7ee8289000-7f7ee8299000 rw-p 00000000 00:00 0 
7f7ee8299000-7f7ee82ac000 r-xp 00000000 08:01 40374842                   /lib/x86_64-linux-gnu/libbsd.so.0.8.7
7f7ee82ac000-7f7ee84ab000 ---p 00013000 08:01 40374842                   /lib/x86_64-linux-gnu/libbsd.so.0.8.7
7f7ee84ab000-7f7ee84ac000 r--p 00012000 08:01 40374842                   /lib/x86_64-linux-gnu/libbsd.so.0.8.7
7f7ee84ac000-7f7ee84ad000 rw-p 00013000 08:01 40374842                   /lib/x86_64-linux-gnu/libbsd.so.0.8.7
7f7ee84ad000-7f7ee84ae000 rw-p 00000000 00:00 0 
7f7ee84ae000-7f7ee84b3000 r-xp 00000000 08:01 31989341                   /usr/lib/x86_64-linux-gnu/libXdmcp.so.6.0.0
7f7ee84b3000-7f7ee86b2000 ---p 00005000 08:01 31989341                   /usr/lib/x86_64-linux-gnu/libXdmcp.so.6.0.0
7f7ee86b2000-7f7ee86b3000 r--p 00004000 08:01 31989341                   /usr/lib/x86_64-linux-gnu/libXdmcp.so.6.0.0
7f7ee86b3000-7f7ee86b4000 rw-p 00005000 08:01 31989341                   /usr/lib/x86_64-linux-gnu/libXdmcp.so.6.0.0
7f7ee86b4000-7f7ee86b6000 r-xp 00000000 08:01 31989330                   /usr/lib/x86_64-linux-gnu/libXau.so.6.0.0
7f7ee86b6000-7f7ee88b6000 ---p 00002000 08:01 31989330                   /usr/lib/x86_64-linux-gnu/libXau.so.6.0.0
7f7ee88b6000-7f7ee88b7000 r--p 00002000 08:01 31989330                   /usr/lib/x86_64-linux-gnu/libXau.so.6.0.0
7f7ee88b7000-7f7ee88b8000 rw-p 00003000 08:01 31989330                   /usr/lib/x86_64-linux-gnu/libXau.so.6.0.0
7f7ee88b8000-7f7ee88de000 r-xp 00000000 08:01 31990534                   /usr/lib/x86_64-linux-gnu/libxcb.so.1.1.0
7f7ee88de000-7f7ee8ade000 ---p 00026000 08:01 31990534                   /usr/lib/x86_64-linux-gnu/libxcb.so.1.1.0
7f7ee8ade000-7f7ee8adf000 r--p 00026000 08:01 31990534                   /usr/lib/x86_64-linux-gnu/libxcb.so.1.1.0
7f7ee8adf000-7f7ee8ae0000 rw-p 00027000 08:01 31990534                   /usr/lib/x86_64-linux-gnu/libxcb.so.1.1.0
7f7ee8ae0000-7f7ee8aef000 r-xp 00000000 08:01 31989351                   /usr/lib/x86_64-linux-gnu/libXi.so.6.1.0
7f7ee8aef000-7f7ee8cee000 ---p 0000f000 08:01 31989351                   /usr/lib/x86_64-linux-gnu/libXi.so.6.1.0
7f7ee8cee000-7f7ee8cef000 r--p 0000e000 08:01 31989351                   /usr/lib/x86_64-linux-gnu/libXi.so.6.1.0
7f7ee8cef000-7f7ee8cf0000 rw-p 0000f000 08:01 31989351                   /usr/lib/x86_64-linux-gnu/libXi.so.6.1.0
7f7ee8cf0000-7f7ee8cf5000 r-xp 00000000 08:01 31989369                   /usr/lib/x86_64-linux-gnu/libXtst.so.6.1.0
7f7ee8cf5000-7f7ee8ef4000 ---p 00005000 08:01 31989369                   /usr/lib/x86_64-linux-gnu/libXtst.so.6.1.0
7f7ee8ef4000-7f7ee8ef5000 r--p 00004000 08:01 31989369                   /usr/lib/x86_64-linux-gnu/libXtst.so.6.1.0
7f7ee8ef5000-7f7ee8ef6000 rw-p 00005000 08:01 31989369                   /usr/lib/x86_64-linux-gnu/libXtst.so.6.1.0
7f7ee8ef6000-7f7ee8eff000 r-xp 00000000 08:01 31989363                   /usr/lib/x86_64-linux-gnu/libXrender.so.1.3.0
7f7ee8eff000-7f7ee90fe000 ---p 00009000 08:01 31989363                   /usr/lib/x86_64-linux-gnu/libXrender.so.1.3.0
7f7ee90fe000-7f7ee90ff000 r--p 00008000 08:01 31989363                   /usr/lib/x86_64-linux-gnu/libXrender.so.1.3.0
7f7ee90ff000-7f7ee9100000 rw-p 00009000 08:01 31989363                   /usr/lib/x86_64-linux-gnu/libXrender.so.1.3.0
7f7ee9100000-7f7ee9233000 r-xp 00000000 08:01 31984486                   /usr/lib/x86_64-linux-gnu/libX11.so.6.3.0
7f7ee9233000-7f7ee9433000 ---p 00133000 08:01 31984486                   /usr/lib/x86_64-linux-gnu/libX11.so.6.3.0
7f7ee9433000-7f7ee9434000 r--p 00133000 08:01 31984486                   /usr/lib/x86_64-linux-gnu/libX11.so.6.3.0
7f7ee9434000-7f7ee9438000 rw-p 00134000 08:01 31984486                   /usr/lib/x86_64-linux-gnu/libX11.so.6.3.0
7f7ee9438000-7f7ee9449000 r-xp 00000000 08:01 31989343                   /usr/lib/x86_64-linux-gnu/libXext.so.6.4.0
7f7ee9449000-7f7ee9648000 ---p 00011000 08:01 31989343                   /usr/lib/x86_64-linux-gnu/libXext.so.6.4.0
7f7ee9648000-7f7ee9649000 r--p 00010000 08:01 31989343                   /usr/lib/x86_64-linux-gnu/libXext.so.6.4.0
7f7ee9649000-7f7ee964a000 rw-p 00011000 08:01 31989343                   /usr/lib/x86_64-linux-gnu/libXext.so.6.4.0
7f7ee964a000-7f7ee969e000 r-xp 00000000 08:01 38538917                   /usr/lib/jvm/java-8-oracle/jre/lib/amd64/libawt_xawt.so
7f7ee969e000-7f7ee989e000 ---p 00054000 08:01 38538917                   /usr/lib/jvm/java-8-oracle/jre/lib/amd64/libawt_xawt.so
7f7ee989e000-7f7ee98a2000 rw-p 00054000 08:01 38538917                   /usr/lib/jvm/java-8-oracle/jre/lib/amd64/libawt_xawt.so
7f7ee98a2000-7f7ee98a3000 rw-p 00000000 00:00 0 
7f7ee98a3000-7f7ee9945000 r-xp 00000000 08:01 38538903                   /usr/lib/jvm/java-8-oracle/jre/lib/amd64/libawt.so
7f7ee9945000-7f7ee9b45000 ---p 000a2000 08:01 38538903                   /usr/lib/jvm/java-8-oracle/jre/lib/amd64/libawt.so
7f7ee9b45000-7f7ee9b51000 rw-p 000a2000 08:01 38538903                   /usr/lib/jvm/java-8-oracle/jre/lib/amd64/libawt.so
7f7ee9b51000-7f7ee9b75000 rw-p 00000000 00:00 0 
7f7ee9b75000-7f7ee9b76000 ---p 00000000 00:00 0 
7f7ee9b76000-7f7ee9c76000 rw-p 00000000 00:00 0 
7f7ee9c76000-7f7ee9c79000 ---p 00000000 00:00 0 
7f7ee9c79000-7f7ee9d77000 rw-p 00000000 00:00 0 
7f7ee9d77000-7f7ee9d78000 ---p 00000000 00:00 0 
7f7ee9d78000-7f7ee9d7b000 ---p 00000000 00:00 0 
7f7ee9d7b000-7f7ee9e78000 rw-p 00000000 00:00 0 
7f7ee9e78000-7f7ee9e79000 ---p 00000000 00:00 0 
7f7ee9e79000-7f7ee9e7c000 ---p 00000000 00:00 0 
7f7ee9e7c000-7f7ee9f79000 rw-p 00000000 00:00 0 
7f7ee9f79000-7f7ee9f7a000 ---p 00000000 00:00 0 
7f7ee9f7a000-7f7ee9f7d000 ---p 00000000 00:00 0 
7f7ee9f7d000-7f7eea07a000 rw-p 00000000 00:00 0 
7f7eea07a000-7f7eea07d000 ---p 00000000 00:00 0 
7f7eea07d000-7f7eea17b000 rw-p 00000000 00:00 0 
7f7eea17b000-7f7eea17e000 ---p 00000000 00:00 0 
7f7eea17e000-7f7eea27c000 rw-p 00000000 00:00 0 
7f7eea27c000-7f7eea27f000 ---p 00000000 00:00 0 
7f7eea27f000-7f7eea37d000 rw-p 00000000 00:00 0 
7f7eea37d000-7f7eea381000 r-xp 00000000 08:01 38538879                   /usr/lib/jvm/java-8-oracle/jre/lib/amd64/libdt_socket.so
7f7eea381000-7f7eea580000 ---p 00004000 08:01 38538879                   /usr/lib/jvm/java-8-oracle/jre/lib/amd64/libdt_socket.so
7f7eea580000-7f7eea581000 rw-p 00003000 08:01 38538879                   /usr/lib/jvm/java-8-oracle/jre/lib/amd64/libdt_socket.so
7f7eea581000-7f7eea584000 ---p 00000000 00:00 0 
7f7eea584000-7f7eea682000 rw-p 00000000 00:00 0 
7f7eea682000-7f7eea685000 ---p 00000000 00:00 0 
7f7eea685000-7f7eea783000 rw-p 00000000 00:00 0 
7f7eea783000-7f7eea786000 ---p 00000000 00:00 0 
7f7eea786000-7f7eea884000 rw-p 00000000 00:00 0 
7f7eea884000-7f7eea885000 ---p 00000000 00:00 0 
7f7eea885000-7f7eeb894000 rw-p 00000000 00:00 0 
7f7eeb894000-7f7eeba6e000 r--s 03d6b000 08:01 37619970                   /usr/lib/jvm/java-8-oracle/jre/lib/rt.jar
7f7eeba6e000-7f7ef02e9000 rw-p 00000000 00:00 0 
7f7ef02e9000-7f7ef02ea000 ---p 00000000 00:00 0 
7f7ef02ea000-7f7ef03ea000 rw-p 00000000 00:00 0 
7f7ef03ea000-7f7ef03eb000 ---p 00000000 00:00 0 
7f7ef03eb000-7f7ef04eb000 rw-p 00000000 00:00 0 
7f7ef04eb000-7f7ef04ec000 ---p 00000000 00:00 0 
7f7ef04ec000-7f7ef0615000 rw-p 00000000 00:00 0 
7f7ef0615000-7f7ef0874000 ---p 00000000 00:00 0 
7f7ef0874000-7f7ef089d000 rw-p 00000000 00:00 0 
7f7ef089d000-7f7ef0afb000 ---p 00000000 00:00 0 
7f7ef0afb000-7f7ef0b10000 rw-p 00000000 00:00 0 
7f7ef0b10000-7f7ef0c3f000 ---p 00000000 00:00 0 
7f7ef0c3f000-7f7ef0c51000 rw-p 00000000 00:00 0 
7f7ef0c51000-7f7ef1000000 ---p 00000000 00:00 0 
7f7ef1000000-7f7ef1410000 rwxp 00000000 00:00 0 
7f7ef1410000-7f7f00000000 ---p 00000000 00:00 0 
7f7f00000000-7f7f005bc000 rw-p 00000000 00:00 0 
7f7f005bc000-7f7f04000000 ---p 00000000 00:00 0 
7f7f0407a000-7f7f0407d000 r--s 0001a000 08:01 37619981                   /usr/lib/jvm/java-8-oracle/jre/lib/jce.jar
7f7f0407d000-7f7f04082000 r--s 0009d000 08:01 37619975                   /usr/lib/jvm/java-8-oracle/jre/lib/jsse.jar
7f7f04082000-7f7f04085000 r--s 0001d000 08:01 10488976                   /home/leonardo/eclipse/jee-photon/eclipse/configuration/org.eclipse.osgi/413/0/.cp/lib/javaagent-shaded.jar
7f7f04085000-7f7f0408a000 r--s 00084000 08:01 37619660                   /usr/lib/jvm/java-8-oracle/jre/lib/jfr.jar
7f7f0408a000-7f7f04100000 rw-p 00000000 00:00 0 
7f7f04100000-7f7f04101000 ---p 00000000 00:00 0 
7f7f04101000-7f7f04201000 rw-p 00000000 00:00 0 
7f7f04201000-7f7f0421c000 r-xp 00000000 08:01 38538906                   /usr/lib/jvm/java-8-oracle/jre/lib/amd64/libzip.so
7f7f0421c000-7f7f0441c000 ---p 0001b000 08:01 38538906                   /usr/lib/jvm/java-8-oracle/jre/lib/amd64/libzip.so
7f7f0441c000-7f7f0441d000 rw-p 0001b000 08:01 38538906                   /usr/lib/jvm/java-8-oracle/jre/lib/amd64/libzip.so
7f7f0441d000-7f7f04428000 r-xp 00000000 08:01 40374936                   /lib/x86_64-linux-gnu/libnss_files-2.27.so
7f7f04428000-7f7f04627000 ---p 0000b000 08:01 40374936                   /lib/x86_64-linux-gnu/libnss_files-2.27.so
7f7f04627000-7f7f04628000 r--p 0000a000 08:01 40374936                   /lib/x86_64-linux-gnu/libnss_files-2.27.so
7f7f04628000-7f7f04629000 rw-p 0000b000 08:01 40374936                   /lib/x86_64-linux-gnu/libnss_files-2.27.so
7f7f04629000-7f7f0462f000 rw-p 00000000 00:00 0 
7f7f0462f000-7f7f04646000 r-xp 00000000 08:01 40374930                   /lib/x86_64-linux-gnu/libnsl-2.27.so
7f7f04646000-7f7f04845000 ---p 00017000 08:01 40374930                   /lib/x86_64-linux-gnu/libnsl-2.27.so
7f7f04845000-7f7f04846000 r--p 00016000 08:01 40374930                   /lib/x86_64-linux-gnu/libnsl-2.27.so
7f7f04846000-7f7f04847000 rw-p 00017000 08:01 40374930                   /lib/x86_64-linux-gnu/libnsl-2.27.so
7f7f04847000-7f7f04849000 rw-p 00000000 00:00 0 
7f7f04849000-7f7f04854000 r-xp 00000000 08:01 40374947                   /lib/x86_64-linux-gnu/libnss_nis-2.27.so
7f7f04854000-7f7f04a53000 ---p 0000b000 08:01 40374947                   /lib/x86_64-linux-gnu/libnss_nis-2.27.so
7f7f04a53000-7f7f04a54000 r--p 0000a000 08:01 40374947                   /lib/x86_64-linux-gnu/libnss_nis-2.27.so
7f7f04a54000-7f7f04a55000 rw-p 0000b000 08:01 40374947                   /lib/x86_64-linux-gnu/libnss_nis-2.27.so
7f7f04a55000-7f7f04a5d000 r-xp 00000000 08:01 40374932                   /lib/x86_64-linux-gnu/libnss_compat-2.27.so
7f7f04a5d000-7f7f04c5d000 ---p 00008000 08:01 40374932                   /lib/x86_64-linux-gnu/libnss_compat-2.27.so
7f7f04c5d000-7f7f04c5e000 r--p 00008000 08:01 40374932                   /lib/x86_64-linux-gnu/libnss_compat-2.27.so
7f7f04c5e000-7f7f04c5f000 rw-p 00009000 08:01 40374932                   /lib/x86_64-linux-gnu/libnss_compat-2.27.so
7f7f04c5f000-7f7f04c69000 r-xp 00000000 08:01 38538915                   /usr/lib/jvm/java-8-oracle/jre/lib/amd64/libinstrument.so
7f7f04c69000-7f7f04e68000 ---p 0000a000 08:01 38538915                   /usr/lib/jvm/java-8-oracle/jre/lib/amd64/libinstrument.so
7f7f04e68000-7f7f04e69000 rw-p 00009000 08:01 38538915                   /usr/lib/jvm/java-8-oracle/jre/lib/amd64/libinstrument.so
7f7f04e69000-7f7f05838000 r--p 00000000 08:01 31988283                   /usr/lib/locale/locale-archive
7f7f05838000-7f7f0583a000 r-xp 00000000 08:01 38538881                   /usr/lib/jvm/java-8-oracle/jre/lib/amd64/libnpt.so
7f7f0583a000-7f7f05a3a000 ---p 00002000 08:01 38538881                   /usr/lib/jvm/java-8-oracle/jre/lib/amd64/libnpt.so
7f7f05a3a000-7f7f05a3b000 rw-p 00002000 08:01 38538881                   /usr/lib/jvm/java-8-oracle/jre/lib/amd64/libnpt.so
7f7f05a3b000-7f7f05a75000 r-xp 00000000 08:01 38538893                   /usr/lib/jvm/java-8-oracle/jre/lib/amd64/libjdwp.so
7f7f05a75000-7f7f05c74000 ---p 0003a000 08:01 38538893                   /usr/lib/jvm/java-8-oracle/jre/lib/amd64/libjdwp.so
7f7f05c74000-7f7f05c75000 rw-p 00039000 08:01 38538893                   /usr/lib/jvm/java-8-oracle/jre/lib/amd64/libjdwp.so
7f7f05c75000-7f7f05c76000 rw-p 00000000 00:00 0 
7f7f05c76000-7f7f05ca1000 r-xp 00000000 08:01 38538900                   /usr/lib/jvm/java-8-oracle/jre/lib/amd64/libjava.so
7f7f05ca1000-7f7f05ea0000 ---p 0002b000 08:01 38538900                   /usr/lib/jvm/java-8-oracle/jre/lib/amd64/libjava.so
7f7f05ea0000-7f7f05ea2000 rw-p 0002a000 08:01 38538900                   /usr/lib/jvm/java-8-oracle/jre/lib/amd64/libjava.so
7f7f05ea2000-7f7f05eaf000 r-xp 00000000 08:01 38538905                   /usr/lib/jvm/java-8-oracle/jre/lib/amd64/libverify.so
7f7f05eaf000-7f7f060af000 ---p 0000d000 08:01 38538905                   /usr/lib/jvm/java-8-oracle/jre/lib/amd64/libverify.so
7f7f060af000-7f7f060b1000 rw-p 0000d000 08:01 38538905                   /usr/lib/jvm/java-8-oracle/jre/lib/amd64/libverify.so
7f7f060b1000-7f7f060b8000 r-xp 00000000 08:01 40374987                   /lib/x86_64-linux-gnu/librt-2.27.so
7f7f060b8000-7f7f062b7000 ---p 00007000 08:01 40374987                   /lib/x86_64-linux-gnu/librt-2.27.so
7f7f062b7000-7f7f062b8000 r--p 00006000 08:01 40374987                   /lib/x86_64-linux-gnu/librt-2.27.so
7f7f062b8000-7f7f062b9000 rw-p 00007000 08:01 40374987                   /lib/x86_64-linux-gnu/librt-2.27.so
7f7f062b9000-7f7f06456000 r-xp 00000000 08:01 40374909                   /lib/x86_64-linux-gnu/libm-2.27.so
7f7f06456000-7f7f06655000 ---p 0019d000 08:01 40374909                   /lib/x86_64-linux-gnu/libm-2.27.so
7f7f06655000-7f7f06656000 r--p 0019c000 08:01 40374909                   /lib/x86_64-linux-gnu/libm-2.27.so
7f7f06656000-7f7f06657000 rw-p 0019d000 08:01 40374909                   /lib/x86_64-linux-gnu/libm-2.27.so
7f7f06657000-7f7f07333000 r-xp 00000000 08:01 38671002                   /usr/lib/jvm/java-8-oracle/jre/lib/amd64/server/libjvm.so
7f7f07333000-7f7f07533000 ---p 00cdc000 08:01 38671002                   /usr/lib/jvm/java-8-oracle/jre/lib/amd64/server/libjvm.so
7f7f07533000-7f7f0760d000 rw-p 00cdc000 08:01 38671002                   /usr/lib/jvm/java-8-oracle/jre/lib/amd64/server/libjvm.so
7f7f0760d000-7f7f07658000 rw-p 00000000 00:00 0 
7f7f07658000-7f7f0783f000 r-xp 00000000 08:01 40374846                   /lib/x86_64-linux-gnu/libc-2.27.so
7f7f0783f000-7f7f07a3f000 ---p 001e7000 08:01 40374846                   /lib/x86_64-linux-gnu/libc-2.27.so
7f7f07a3f000-7f7f07a43000 r--p 001e7000 08:01 40374846                   /lib/x86_64-linux-gnu/libc-2.27.so
7f7f07a43000-7f7f07a45000 rw-p 001eb000 08:01 40374846                   /lib/x86_64-linux-gnu/libc-2.27.so
7f7f07a45000-7f7f07a49000 rw-p 00000000 00:00 0 
7f7f07a49000-7f7f07a4c000 r-xp 00000000 08:01 40374869                   /lib/x86_64-linux-gnu/libdl-2.27.so
7f7f07a4c000-7f7f07c4b000 ---p 00003000 08:01 40374869                   /lib/x86_64-linux-gnu/libdl-2.27.so
7f7f07c4b000-7f7f07c4c000 r--p 00002000 08:01 40374869                   /lib/x86_64-linux-gnu/libdl-2.27.so
7f7f07c4c000-7f7f07c4d000 rw-p 00003000 08:01 40374869                   /lib/x86_64-linux-gnu/libdl-2.27.so
7f7f07c4d000-7f7f07c63000 r-xp 00000000 08:01 37488202                   /usr/lib/jvm/java-8-oracle/lib/amd64/jli/libjli.so
7f7f07c63000-7f7f07e62000 ---p 00016000 08:01 37488202                   /usr/lib/jvm/java-8-oracle/lib/amd64/jli/libjli.so
7f7f07e62000-7f7f07e63000 rw-p 00015000 08:01 37488202                   /usr/lib/jvm/java-8-oracle/lib/amd64/jli/libjli.so
7f7f07e63000-7f7f07e7d000 r-xp 00000000 08:01 40374979                   /lib/x86_64-linux-gnu/libpthread-2.27.so
7f7f07e7d000-7f7f0807c000 ---p 0001a000 08:01 40374979                   /lib/x86_64-linux-gnu/libpthread-2.27.so
7f7f0807c000-7f7f0807d000 r--p 00019000 08:01 40374979                   /lib/x86_64-linux-gnu/libpthread-2.27.so
7f7f0807d000-7f7f0807e000 rw-p 0001a000 08:01 40374979                   /lib/x86_64-linux-gnu/libpthread-2.27.so
7f7f0807e000-7f7f08082000 rw-p 00000000 00:00 0 
7f7f08082000-7f7f080a9000 r-xp 00000000 08:01 40374818                   /lib/x86_64-linux-gnu/ld-2.27.so
7f7f080aa000-7f7f080bd000 r--s 00345000 08:01 37619974                   /usr/lib/jvm/java-8-oracle/jre/lib/resources.jar
7f7f080bd000-7f7f0818d000 rw-p 00000000 00:00 0 
7f7f0818d000-7f7f0818e000 ---p 00000000 00:00 0 
7f7f0818e000-7f7f08191000 ---p 00000000 00:00 0 
7f7f08191000-7f7f08292000 rw-p 00000000 00:00 0 
7f7f08292000-7f7f08297000 r--s 002f9000 08:01 37619968                   /usr/lib/jvm/java-8-oracle/jre/lib/charsets.jar
7f7f08297000-7f7f0829a000 r--s 0001a000 08:01 37619981                   /usr/lib/jvm/java-8-oracle/jre/lib/jce.jar
7f7f0829a000-7f7f0829f000 r--s 0009d000 08:01 37619975                   /usr/lib/jvm/java-8-oracle/jre/lib/jsse.jar
7f7f0829f000-7f7f082a7000 rw-s 00000000 08:01 32245499                   /tmp/hsperfdata_leonardo/6247
7f7f082a7000-7f7f082a8000 rw-p 00000000 00:00 0 
7f7f082a8000-7f7f082a9000 ---p 00000000 00:00 0 
7f7f082a9000-7f7f082aa000 r--p 00027000 08:01 40374818                   /lib/x86_64-linux-gnu/ld-2.27.so
7f7f082aa000-7f7f082ab000 rw-p 00028000 08:01 40374818                   /lib/x86_64-linux-gnu/ld-2.27.so
7f7f082ab000-7f7f082ac000 rw-p 00000000 00:00 0 
7ffc2e968000-7ffc2e989000 rw-p 00000000 00:00 0                          [stack]
7ffc2e9d0000-7ffc2e9d3000 r--p 00000000 00:00 0                          [vvar]
7ffc2e9d3000-7ffc2e9d5000 r-xp 00000000 00:00 0                          [vdso]
ffffffffff600000-ffffffffff601000 r-xp 00000000 00:00 0                  [vsyscall]

VM Arguments:
jvm_args: -agentlib:jdwp=transport=dt_socket,suspend=y,address=localhost:38847 -javaagent:/home/leonardo/eclipse/jee-photon/eclipse/configuration/org.eclipse.osgi/413/0/.cp/lib/javaagent-shaded.jar -Dfile.encoding=UTF-8 
java_command: mainpackage.MainClass
java_class_path (initial): /usr/lib/jvm/java-8-oracle/jre/lib/resources.jar:/usr/lib/jvm/java-8-oracle/jre/lib/rt.jar:/usr/lib/jvm/java-8-oracle/jre/lib/jsse.jar:/usr/lib/jvm/java-8-oracle/jre/lib/jce.jar:/usr/lib/jvm/java-8-oracle/jre/lib/charsets.jar:/usr/lib/jvm/java-8-oracle/jre/lib/jfr.jar:/usr/lib/jvm/java-8-oracle/jre/lib/ext/jaccess.jar:/usr/lib/jvm/java-8-oracle/jre/lib/ext/dnsns.jar:/usr/lib/jvm/java-8-oracle/jre/lib/ext/zipfs.jar:/usr/lib/jvm/java-8-oracle/jre/lib/ext/sunjce_provider.jar:/usr/lib/jvm/java-8-oracle/jre/lib/ext/nashorn.jar:/usr/lib/jvm/java-8-oracle/jre/lib/ext/cldrdata.jar:/usr/lib/jvm/java-8-oracle/jre/lib/ext/jfxrt.jar:/usr/lib/jvm/java-8-oracle/jre/lib/ext/sunec.jar:/usr/lib/jvm/java-8-oracle/jre/lib/ext/sunpkcs11.jar:/usr/lib/jvm/java-8-oracle/jre/lib/ext/localedata.jar:/home/leonardo/eclipse-workspace/Erasmo/bin:/home/leonardo/eclipse/jee-photon/eclipse/configuration/org.eclipse.osgi/413/0/.cp/lib/javaagent-shaded.jar
Launcher Type: SUN_STANDARD

Environment Variables:
JAVA_HOME=/usr/lib/jvm/java-8-oracle
PATH=/usr/local/sbin:/usr/local/bin:/usr/sbin:/usr/bin:/sbin:/bin:/usr/games:/usr/local/games:/snap/bin:/usr/lib/jvm/java-8-oracle/bin:/usr/lib/jvm/java-8-oracle/db/bin:/usr/lib/jvm/java-8-oracle/jre/bin
USERNAME=leonardo
SHELL=/bin/bash
DISPLAY=:0

Signal Handlers:
SIGSEGV: [libjvm.so+0xad2a40], sa_mask[0]=11111111011111111101111111111110, sa_flags=SA_RESTART|SA_SIGINFO
SIGBUS: [libjvm.so+0xad2a40], sa_mask[0]=11111111011111111101111111111110, sa_flags=SA_RESTART|SA_SIGINFO
SIGFPE: [libjvm.so+0x92a610], sa_mask[0]=11111111011111111101111111111110, sa_flags=SA_RESTART|SA_SIGINFO
SIGPIPE: [libjvm.so+0x92a610], sa_mask[0]=11111111011111111101111111111110, sa_flags=SA_RESTART|SA_SIGINFO
SIGXFSZ: [libjvm.so+0x92a610], sa_mask[0]=11111111011111111101111111111110, sa_flags=SA_RESTART|SA_SIGINFO
SIGILL: [libjvm.so+0x92a610], sa_mask[0]=11111111011111111101111111111110, sa_flags=SA_RESTART|SA_SIGINFO
SIGUSR1: SIG_DFL, sa_mask[0]=00000000000000000000000000000000, sa_flags=none
SIGUSR2: [libjvm.so+0x92be70], sa_mask[0]=00100000000000000000000000000000, sa_flags=SA_RESTART|SA_SIGINFO
SIGHUP: [libjvm.so+0x92d270], sa_mask[0]=11111111011111111101111111111110, sa_flags=SA_RESTART|SA_SIGINFO
SIGINT: [libjvm.so+0x92d270], sa_mask[0]=11111111011111111101111111111110, sa_flags=SA_RESTART|SA_SIGINFO
SIGTERM: [libjvm.so+0x92d270], sa_mask[0]=11111111011111111101111111111110, sa_flags=SA_RESTART|SA_SIGINFO
SIGQUIT: [libjvm.so+0x92d270], sa_mask[0]=11111111011111111101111111111110, sa_flags=SA_RESTART|SA_SIGINFO


---------------  S Y S T E M  ---------------

OS:DISTRIB_ID=Ubuntu
DISTRIB_RELEASE=18.04
DISTRIB_CODENAME=bionic
DISTRIB_DESCRIPTION="Ubuntu 18.04.1 LTS"

uname:Linux 4.15.0-33-generic #36-Ubuntu SMP Wed Aug 15 16:00:05 UTC 2018 x86_64
libc:glibc 2.27 NPTL 2.27 
rlimit: STACK 8192k, CORE 0k, NPROC 30806, NOFILE 4096, AS infinity
load average:1.56 1.35 1.43

/proc/meminfo:
MemTotal:        7946908 kB
MemFree:          482196 kB
MemAvailable:    2744624 kB
Buffers:          220140 kB
Cached:          3094100 kB
SwapCached:            0 kB
Active:          4535464 kB
Inactive:        2535104 kB
Active(anon):    3758808 kB
Inactive(anon):   893700 kB
Active(file):     776656 kB
Inactive(file):  1641404 kB
Unevictable:         160 kB
Mlocked:             160 kB
SwapTotal:       2097148 kB
SwapFree:        2097148 kB
Dirty:               980 kB
Writeback:             0 kB
AnonPages:       3756532 kB
Mapped:          1116420 kB
Shmem:            896184 kB
Slab:             211916 kB
SReclaimable:     138060 kB
SUnreclaim:        73856 kB
KernelStack:       16688 kB
PageTables:        81152 kB
NFS_Unstable:          0 kB
Bounce:                0 kB
WritebackTmp:          0 kB
CommitLimit:     6070600 kB
Committed_AS:   12769968 kB
VmallocTotal:   34359738367 kB
VmallocUsed:           0 kB
VmallocChunk:          0 kB
HardwareCorrupted:     0 kB
AnonHugePages:      2048 kB
ShmemHugePages:        0 kB
ShmemPmdMapped:        0 kB
CmaTotal:              0 kB
CmaFree:               0 kB
HugePages_Total:       0
HugePages_Free:        0
HugePages_Rsvd:        0
HugePages_Surp:        0
Hugepagesize:       2048 kB
DirectMap4k:      233076 kB
DirectMap2M:     7931904 kB
DirectMap1G:           0 kB


CPU:total 4 (initial active 4) (2 cores per cpu, 2 threads per core) family 6 model 142 stepping 9, cmov, cx8, fxsr, mmx, sse, sse2, sse3, ssse3, sse4.1, sse4.2, popcnt, avx, avx2, aes, clmul, erms, 3dnowpref, lzcnt, ht, tsc, tscinvbit, bmi1, bmi2, adx

/proc/cpuinfo:
processor	: 0
vendor_id	: GenuineIntel
cpu family	: 6
model		: 142
model name	: Intel(R) Core(TM) i7-7500U CPU @ 2.70GHz
stepping	: 9
microcode	: 0x8e
cpu MHz		: 3500.000
cache size	: 4096 KB
physical id	: 0
siblings	: 4
core id		: 0
cpu cores	: 2
apicid		: 0
initial apicid	: 0
fpu		: yes
fpu_exception	: yes
cpuid level	: 22
wp		: yes
flags		: fpu vme de pse tsc msr pae mce cx8 apic sep mtrr pge mca cmov pat pse36 clflush dts acpi mmx fxsr sse sse2 ss ht tm pbe syscall nx pdpe1gb rdtscp lm constant_tsc art arch_perfmon pebs bts rep_good nopl xtopology nonstop_tsc cpuid aperfmperf tsc_known_freq pni pclmulqdq dtes64 monitor ds_cpl vmx est tm2 ssse3 sdbg fma cx16 xtpr pdcm pcid sse4_1 sse4_2 x2apic movbe popcnt tsc_deadline_timer aes xsave avx f16c rdrand lahf_lm abm 3dnowprefetch cpuid_fault invpcid_single pti ssbd ibrs ibpb stibp tpr_shadow vnmi flexpriority ept vpid fsgsbase tsc_adjust bmi1 avx2 smep bmi2 erms invpcid mpx rdseed adx smap clflushopt intel_pt xsaveopt xsavec xgetbv1 xsaves dtherm ida arat pln pts hwp hwp_notify hwp_act_window hwp_epp flush_l1d
bugs		: cpu_meltdown spectre_v1 spectre_v2 spec_store_bypass l1tf
bogomips	: 5808.00
clflush size	: 64
cache_alignment	: 64
address sizes	: 39 bits physical, 48 bits virtual
power management:

processor	: 1
vendor_id	: GenuineIntel
cpu family	: 6
model		: 142
model name	: Intel(R) Core(TM) i7-7500U CPU @ 2.70GHz
stepping	: 9
microcode	: 0x8e
cpu MHz		: 3499.998
cache size	: 4096 KB
physical id	: 0
siblings	: 4
core id		: 1
cpu cores	: 2
apicid		: 2
initial apicid	: 2
fpu		: yes
fpu_exception	: yes
cpuid level	: 22
wp		: yes
flags		: fpu vme de pse tsc msr pae mce cx8 apic sep mtrr pge mca cmov pat pse36 clflush dts acpi mmx fxsr sse sse2 ss ht tm pbe syscall nx pdpe1gb rdtscp lm constant_tsc art arch_perfmon pebs bts rep_good nopl xtopology nonstop_tsc cpuid aperfmperf tsc_known_freq pni pclmulqdq dtes64 monitor ds_cpl vmx est tm2 ssse3 sdbg fma cx16 xtpr pdcm pcid sse4_1 sse4_2 x2apic movbe popcnt tsc_deadline_timer aes xsave avx f16c rdrand lahf_lm abm 3dnowprefetch cpuid_fault invpcid_single pti ssbd ibrs ibpb stibp tpr_shadow vnmi flexpriority ept vpid fsgsbase tsc_adjust bmi1 avx2 smep bmi2 erms invpcid mpx rdseed adx smap clflushopt intel_pt xsaveopt xsavec xgetbv1 xsaves dtherm ida arat pln pts hwp hwp_notify hwp_act_window hwp_epp flush_l1d
bugs		: cpu_meltdown spectre_v1 spectre_v2 spec_store_bypass l1tf
bogomips	: 5808.00
clflush size	: 64
cache_alignment	: 64
address sizes	: 39 bits physical, 48 bits virtual
power management:

processor	: 2
vendor_id	: GenuineIntel
cpu family	: 6
model		: 142
model name	: Intel(R) Core(TM) i7-7500U CPU @ 2.70GHz
stepping	: 9
microcode	: 0x8e
cpu MHz		: 3500.002
cache size	: 4096 KB
physical id	: 0
siblings	: 4
core id		: 0
cpu cores	: 2
apicid		: 1
initial apicid	: 1
fpu		: yes
fpu_exception	: yes
cpuid level	: 22
wp		: yes
flags		: fpu vme de pse tsc msr pae mce cx8 apic sep mtrr pge mca cmov pat pse36 clflush dts acpi mmx fxsr sse sse2 ss ht tm pbe syscall nx pdpe1gb rdtscp lm constant_tsc art arch_perfmon pebs bts rep_good nopl xtopology nonstop_tsc cpuid aperfmperf tsc_known_freq pni pclmulqdq dtes64 monitor ds_cpl vmx est tm2 ssse3 sdbg fma cx16 xtpr pdcm pcid sse4_1 sse4_2 x2apic movbe popcnt tsc_deadline_timer aes xsave avx f16c rdrand lahf_lm abm 3dnowprefetch cpuid_fault invpcid_single pti ssbd ibrs ibpb stibp tpr_shadow vnmi flexpriority ept vpid fsgsbase tsc_adjust bmi1 avx2 smep bmi2 erms invpcid mpx rdseed adx smap clflushopt intel_pt xsaveopt xsavec xgetbv1 xsaves dtherm ida arat pln pts hwp hwp_notify hwp_act_window hwp_epp flush_l1d
bugs		: cpu_meltdown spectre_v1 spectre_v2 spec_store_bypass l1tf
bogomips	: 5808.00
clflush size	: 64
cache_alignment	: 64
address sizes	: 39 bits physical, 48 bits virtual
power management:

processor	: 3
vendor_id	: GenuineIntel
cpu family	: 6
model		: 142
model name	: Intel(R) Core(TM) i7-7500U CPU @ 2.70GHz
stepping	: 9
microcode	: 0x8e
cpu MHz		: 3500.002
cache size	: 4096 KB
physical id	: 0
siblings	: 4
core id		: 1
cpu cores	: 2
apicid		: 3
initial apicid	: 3
fpu		: yes
fpu_exception	: yes
cpuid level	: 22
wp		: yes
flags		: fpu vme de pse tsc msr pae mce cx8 apic sep mtrr pge mca cmov pat pse36 clflush dts acpi mmx fxsr sse sse2 ss ht tm pbe syscall nx pdpe1gb rdtscp lm constant_tsc art arch_perfmon pebs bts rep_good nopl xtopology nonstop_tsc cpuid aperfmperf tsc_known_freq pni pclmulqdq dtes64 monitor ds_cpl vmx est tm2 ssse3 sdbg fma cx16 xtpr pdcm pcid sse4_1 sse4_2 x2apic movbe popcnt tsc_deadline_timer aes xsave avx f16c rdrand lahf_lm abm 3dnowprefetch cpuid_fault invpcid_single pti ssbd ibrs ibpb stibp tpr_shadow vnmi flexpriority ept vpid fsgsbase tsc_adjust bmi1 avx2 smep bmi2 erms invpcid mpx rdseed adx smap clflushopt intel_pt xsaveopt xsavec xgetbv1 xsaves dtherm ida arat pln pts hwp hwp_notify hwp_act_window hwp_epp flush_l1d
bugs		: cpu_meltdown spectre_v1 spectre_v2 spec_store_bypass l1tf
bogomips	: 5808.00
clflush size	: 64
cache_alignment	: 64
address sizes	: 39 bits physical, 48 bits virtual
power management:



Memory: 4k page, physical 7946908k(479964k free), swap 2097148k(2097148k free)

vm_info: Java HotSpot(TM) 64-Bit Server VM (25.181-b13) for linux-amd64 JRE (1.8.0_181-b13), built on Jul  7 2018 00:56:38 by "java_re" with gcc 4.3.0 20080428 (Red Hat 4.3.0-8)

time: Sat Sep 15 19:54:43 2018
elapsed time: 1104 seconds (0d 0h 18m 24s)

