#
# A fatal error has been detected by the Java Runtime Environment:
#
#  Internal Error (javaCalls.cpp:51), pid=14221, tid=0x00007f85f244c700
#  guarantee(thread->is_Java_thread()) failed: crucial check - the VM thread cannot and must not escape to Java code
#
# JRE version: Java(TM) SE Runtime Environment (8.0_181-b13) (build 1.8.0_181-b13)
# Java VM: Java HotSpot(TM) 64-Bit Server VM (25.181-b13 mixed mode linux-amd64 compressed oops)
# Failed to write core dump. Core dumps have been disabled. To enable core dumping, try "ulimit -c unlimited" before starting Java again
#
# If you would like to submit a bug report, please visit:
#   http://bugreport.java.com/bugreport/crash.jsp
#

---------------  T H R E A D  ---------------

Current thread (0x00007f860c145000):  VMThread [stack: 0x00007f85f234d000,0x00007f85f244d000] [id=14237]

Stack: [0x00007f85f234d000,0x00007f85f244d000],  sp=0x00007f85f244a5c0,  free space=1013k
Native frames: (J=compiled Java code, j=interpreted, Vv=VM code, C=native code)
V  [libjvm.so+0xad21aa]  VMError::report_and_die()+0x2ba
V  [libjvm.so+0x501a32]  report_vm_error(char const*, int, char const*, char const*)+0x62
V  [libjvm.so+0x6965d7]  JavaCallWrapper::JavaCallWrapper(methodHandle, Handle, JavaValue*, Thread*)+0x267
V  [libjvm.so+0x6972a4]  JavaCalls::call_helper(JavaValue*, methodHandle*, JavaCallArguments*, Thread*)+0x884
V  [libjvm.so+0x698e31]  JavaCalls::call_special(JavaValue*, KlassHandle, Symbol*, Symbol*, JavaCallArguments*, Thread*)+0x2d1
V  [libjvm.so+0x5855fa]  Exceptions::new_exception(Thread*, Symbol*, Symbol*, JavaCallArguments*, Handle, Handle)+0x17a
V  [libjvm.so+0x5856b2]  Exceptions::new_exception(Thread*, Symbol*, Symbol*, JavaCallArguments*, Handle, Handle, Handle)+0x22
V  [libjvm.so+0x585c61]  Exceptions::new_exception(Thread*, Symbol*, char const*, Handle, Handle, Handle, Exceptions::ExceptionMsgToUtf8Mode)+0x1d1
V  [libjvm.so+0x585cf8]  Exceptions::new_exception(Thread*, Symbol*, char const*, Exceptions::ExceptionMsgToUtf8Mode)+0x18
V  [libjvm.so+0x5f3d6b]  GenerateOopMap::verify_error(char const*, ...)+0x8b
V  [libjvm.so+0x5fbf21]  GenerateOopMap::init_basic_blocks()+0x571
V  [libjvm.so+0x5fc0f5]  GenerateOopMap::do_interpretation()+0x55
V  [libjvm.so+0x5fc5cd]  GenerateOopMap::compute_map(Thread*)+0x34d
V  [libjvm.so+0x91fcd4]  OopMapForCacheEntry::compute_map(Thread*)+0xb4
V  [libjvm.so+0x921a92]  OopMapCacheEntry::fill(methodHandle, int)+0x2d2
V  [libjvm.so+0x922f15]  OopMapCache::lookup(methodHandle, int, InterpreterOopMap*) const+0xa05
V  [libjvm.so+0x64ab92]  InstanceKlass::mask_for(methodHandle, int, InterpreterOopMap*)+0x82
V  [libjvm.so+0x8bd3fd]  Method::mask_for(int, InterpreterOopMap*)+0x9d
V  [libjvm.so+0x7affb4]  VM_GetOrSetLocal::doit()+0x54
V  [libjvm.so+0xadb745]  VM_Operation::evaluate()+0x55
V  [libjvm.so+0xad9b0a]  VMThread::evaluate_operation(VM_Operation*)+0xba
V  [libjvm.so+0xad9e8e]  VMThread::loop()+0x1ce
V  [libjvm.so+0xada300]  VMThread::run()+0x70
V  [libjvm.so+0x930198]  java_start(Thread*)+0x108

VM_Operation (0x00007f85f1e43740): GetOrSetLocal, mode: safepoint, requested by thread 0x00007f860c18f800


---------------  P R O C E S S  ---------------

Java Threads: ( => current thread )
  0x00007f859c175800 JavaThread "TimerQueue" daemon [_thread_blocked, id=14277, stack(0x00007f85b2197000,0x00007f85b2298000)]
  0x00007f860c010000 JavaThread "DestroyJavaVM" [_thread_blocked, id=14230, stack(0x00007f8613c1c000,0x00007f8613d1c000)]
  0x00007f860c368000 JavaThread "AWT-EventQueue-0" [_thread_blocked, id=14257, stack(0x00007f85b3041000,0x00007f85b3142000)]
  0x00007f860c366800 JavaThread "AWT-Shutdown" [_thread_blocked, id=14256, stack(0x00007f85b3142000,0x00007f85b3243000)]
  0x00007f860c35e000 JavaThread "AWT-XAWT" daemon [_thread_in_native, id=14255, stack(0x00007f85b3243000,0x00007f85b3344000)]
  0x00007f860c33e000 JavaThread "Java2D Disposer" daemon [_thread_blocked, id=14254, stack(0x00007f85f007b000,0x00007f85f017c000)]
  0x00007f860c2bd800 JavaThread "Service Thread" daemon [_thread_blocked, id=14252, stack(0x00007f85f173e000,0x00007f85f183f000)]
  0x00007f860c244000 JavaThread "C1 CompilerThread2" daemon [_thread_blocked, id=14251, stack(0x00007f85f1840000,0x00007f85f1940000)]
  0x00007f860c246000 JavaThread "C2 CompilerThread1" daemon [_thread_blocked, id=14250, stack(0x00007f85f1941000,0x00007f85f1a41000)]
  0x00007f860c2d0800 JavaThread "C2 CompilerThread0" daemon [_thread_blocked, id=14249, stack(0x00007f85f1a42000,0x00007f85f1b42000)]
  0x00007f85cc001000 JavaThread "JDWP Command Reader" daemon [_thread_in_native, id=14246, stack(0x00007f85f1b42000,0x00007f85f1c43000)]
  0x00007f860c193000 JavaThread "JDWP Event Helper Thread" daemon [_thread_blocked, id=14244, stack(0x00007f85f1c43000,0x00007f85f1d44000)]
  0x00007f860c18f800 JavaThread "JDWP Transport Listener: dt_socket" daemon [_thread_blocked, id=14242, stack(0x00007f85f1d44000,0x00007f85f1e45000)]
  0x00007f860c183000 JavaThread "Signal Dispatcher" daemon [_thread_blocked, id=14240, stack(0x00007f85f2049000,0x00007f85f214a000)]
  0x00007f860c151000 JavaThread "Finalizer" daemon [_thread_blocked, id=14239, stack(0x00007f85f214a000,0x00007f85f224b000)]
  0x00007f860c14e800 JavaThread "Reference Handler" daemon [_thread_blocked, id=14238, stack(0x00007f85f224b000,0x00007f85f234c000)]

Other Threads:
=>0x00007f860c145000 VMThread [stack: 0x00007f85f234d000,0x00007f85f244d000] [id=14237]
  0x00007f860c2c0800 WatcherThread [stack: 0x00007f85f163e000,0x00007f85f173e000] [id=14253]

VM state:at safepoint (normal execution)

VM Mutex/Monitor currently owned by a thread:  ([mutex/lock_event])
[0x00007f860c00c430] Threads_lock - owner thread: 0x00007f860c145000

Heap:
 PSYoungGen      total 36352K, used 24465K [0x00000000d7900000, 0x00000000da180000, 0x0000000100000000)
  eden space 31232K, 78% used [0x00000000d7900000,0x00000000d90e4668,0x00000000d9780000)
  from space 5120K, 0% used [0x00000000d9c80000,0x00000000d9c80000,0x00000000da180000)
  to   space 5120K, 0% used [0x00000000d9780000,0x00000000d9780000,0x00000000d9c80000)
 ParOldGen       total 83456K, used 0K [0x0000000086a00000, 0x000000008bb80000, 0x00000000d7900000)
  object space 83456K, 0% used [0x0000000086a00000,0x0000000086a00000,0x000000008bb80000)
 Metaspace       used 15675K, capacity 15870K, committed 16128K, reserved 1062912K
  class space    used 1924K, capacity 2002K, committed 2048K, reserved 1048576K

Card table byte_map: [0x00007f85fc446000,0x00007f85fc812000] byte_map_base: 0x00007f85fc011000

Marking Bits: (ParMarkBitMap*) 0x00007f86130b90a0
 Begin Bits: [0x00007f85f810a000, 0x00007f85f9f62000)
 End Bits:   [0x00007f85f9f62000, 0x00007f85fbdba000)

Polling page: 0x00007f8613d36000

CodeCache: size=245760Kb used=3970Kb max_used=4003Kb free=241789Kb
 bounds [0x00007f85fcbd2000, 0x00007f85fcfc2000, 0x00007f860bbd2000]
 total_blobs=1690 nmethods=1116 adapters=495
 compilation: enabled

Compilation events (10 events):
Event: 39.463 Thread 0x00007f860c244000 1155       3       org.eclipse.jdt.launching.internal.org.objectweb.asm.MethodWriter::visitFieldInsn (258 bytes)
Event: 39.465 Thread 0x00007f860c244000 nmethod 1155 0x00007f85fcdbc790 code [0x00007f85fcdbc980, 0x00007f85fcdbd418]
Event: 39.465 Thread 0x00007f860c244000 1156       3       org.eclipse.jdt.launching.internal.org.objectweb.asm.SymbolTable::addConstantFieldref (10 bytes)
Event: 39.465 Thread 0x00007f860c244000 nmethod 1156 0x00007f85fcde53d0 code [0x00007f85fcde5540, 0x00007f85fcde5708]
Event: 39.465 Thread 0x00007f860c244000 1152       3       org.eclipse.jdt.launching.internal.org.objectweb.asm.ClassReader::createLabel (21 bytes)
Event: 39.467 Thread 0x00007f860c244000 nmethod 1152 0x00007f85fcde8610 code [0x00007f85fcde87a0, 0x00007f85fcde8c50]
Event: 39.467 Thread 0x00007f860c244000 1153       3       org.eclipse.jdt.launching.internal.org.objectweb.asm.ClassReader::readShort (27 bytes)
Event: 39.468 Thread 0x00007f860c244000 nmethod 1153 0x00007f85fcde0990 code [0x00007f85fcde0b00, 0x00007f85fcde0cb0]
Event: 39.476 Thread 0x00007f860c246000 nmethod 1159 0x00007f85fcdadb90 code [0x00007f85fcdadd20, 0x00007f85fcdae718]
Event: 39.494 Thread 0x00007f860c2d0800 nmethod 1158 0x00007f85fcdbf390 code [0x00007f85fcdbf540, 0x00007f85fcdc0318]

GC Heap History (0 events):
No events

Deoptimization events (4 events):
Event: 4.677 Thread 0x00007f860c368000 Uncommon trap: reason=class_check action=maybe_recompile pc=0x00007f85fcd3e8d0 method=java.lang.String.equals(Ljava/lang/Object;)Z @ 8
Event: 4.678 Thread 0x00007f860c368000 Uncommon trap: reason=class_check action=maybe_recompile pc=0x00007f85fcd3e8d0 method=java.lang.String.equals(Ljava/lang/Object;)Z @ 8
Event: 4.678 Thread 0x00007f860c368000 Uncommon trap: reason=class_check action=maybe_recompile pc=0x00007f85fcd3e8d0 method=java.lang.String.equals(Ljava/lang/Object;)Z @ 8
Event: 4.678 Thread 0x00007f860c368000 Uncommon trap: reason=class_check action=maybe_recompile pc=0x00007f85fcd3e8d0 method=java.lang.String.equals(Ljava/lang/Object;)Z @ 8

Classes redefined (1 events):
Event: 39.493 Thread 0x00007f860c145000 redefined class name=parser.Parser, count=1

Internal exceptions (10 events):
Event: 0.599 Thread 0x00007f860c010000 Exception <a 'java/security/PrivilegedActionException'> (0x00000000d7f14f90) thrown at [/HUDSON/workspace/8-2-build-linux-amd64/jdk8u181/11358/hotspot/src/share/vm/prims/jvm.cpp, line 1435]
Event: 0.599 Thread 0x00007f860c010000 Exception <a 'java/security/PrivilegedActionException'> (0x00000000d7f151a0) thrown at [/HUDSON/workspace/8-2-build-linux-amd64/jdk8u181/11358/hotspot/src/share/vm/prims/jvm.cpp, line 1435]
Event: 0.599 Thread 0x00007f860c010000 Exception <a 'java/security/PrivilegedActionException'> (0x00000000d7f17608) thrown at [/HUDSON/workspace/8-2-build-linux-amd64/jdk8u181/11358/hotspot/src/share/vm/prims/jvm.cpp, line 1435]
Event: 0.599 Thread 0x00007f860c010000 Exception <a 'java/security/PrivilegedActionException'> (0x00000000d7f17818) thrown at [/HUDSON/workspace/8-2-build-linux-amd64/jdk8u181/11358/hotspot/src/share/vm/prims/jvm.cpp, line 1435]
Event: 0.726 Thread 0x00007f860c010000 Exception <a 'java/lang/NoSuchFieldError': method resolution failed> (0x00000000d804c3c0) thrown at [/HUDSON/workspace/8-2-build-linux-amd64/jdk8u181/11358/hotspot/src/share/vm/prims/methodHandles.cpp, line 1167]
Event: 0.729 Thread 0x00007f860c010000 Exception <a 'java/lang/NoSuchFieldError': method resolution failed> (0x00000000d805a608) thrown at [/HUDSON/workspace/8-2-build-linux-amd64/jdk8u181/11358/hotspot/src/share/vm/prims/methodHandles.cpp, line 1167]
Event: 0.831 Thread 0x00007f860c010000 Exception <a 'java/io/FileNotFoundException'> (0x00000000d80fee08) thrown at [/HUDSON/workspace/8-2-build-linux-amd64/jdk8u181/11358/hotspot/src/share/vm/prims/jni.cpp, line 709]
Event: 0.831 Thread 0x00007f860c010000 Exception <a 'java/io/FileNotFoundException'> (0x00000000d80ff7c8) thrown at [/HUDSON/workspace/8-2-build-linux-amd64/jdk8u181/11358/hotspot/src/share/vm/prims/jni.cpp, line 709]
Event: 1.339 Thread 0x00007f860c368000 Exception <a 'java/lang/UnsupportedOperationException': > (0x00000000d87bc9a8) thrown at [/HUDSON/workspace/8-2-build-linux-amd64/jdk8u181/11358/hotspot/src/share/vm/prims/jni.cpp, line 735]
Event: 4.783 Thread 0x00007f860c368000 Exception <a 'java/lang/UnsupportedOperationException': > (0x00000000d8c50ec8) thrown at [/HUDSON/workspace/8-2-build-linux-amd64/jdk8u181/11358/hotspot/src/share/vm/prims/jni.cpp, line 735]

Events (10 events):
Event: 40.402 Executing VM operation: GetCurrentContendedMonitor done
Event: 40.402 Executing VM operation: GetOwnedMonitorInfo
Event: 40.402 Executing VM operation: GetOwnedMonitorInfo done
Event: 40.402 Executing VM operation: GetCurrentContendedMonitor
Event: 40.402 Executing VM operation: GetCurrentContendedMonitor done
Event: 40.402 Executing VM operation: GetCurrentContendedMonitor
Event: 40.402 Executing VM operation: GetCurrentContendedMonitor done
Event: 40.403 Executing VM operation: GetOwnedMonitorInfo
Event: 40.403 Executing VM operation: GetOwnedMonitorInfo done
Event: 44.654 Executing VM operation: GetOrSetLocal


Dynamic libraries:
00400000-00401000 r-xp 00000000 08:01 33955536                           /usr/lib/jvm/java-8-oracle/bin/java
00600000-00601000 rw-p 00000000 08:01 33955536                           /usr/lib/jvm/java-8-oracle/bin/java
00cbe000-00cdf000 rw-p 00000000 00:00 0                                  [heap]
86a00000-8bb80000 rw-p 00000000 00:00 0 
8bb80000-d7900000 ---p 00000000 00:00 0 
d7900000-da180000 rw-p 00000000 00:00 0 
da180000-100000000 ---p 00000000 00:00 0 
100000000-100200000 rw-p 00000000 00:00 0 
100200000-140000000 ---p 00000000 00:00 0 
7f8594000000-7f8594021000 rw-p 00000000 00:00 0 
7f8594021000-7f8598000000 ---p 00000000 00:00 0 
7f8598000000-7f8598021000 rw-p 00000000 00:00 0 
7f8598021000-7f859c000000 ---p 00000000 00:00 0 
7f859c000000-7f859c197000 rw-p 00000000 00:00 0 
7f859c197000-7f85a0000000 ---p 00000000 00:00 0 
7f85a0000000-7f85a0021000 rw-p 00000000 00:00 0 
7f85a0021000-7f85a4000000 ---p 00000000 00:00 0 
7f85a4000000-7f85a4386000 rw-p 00000000 00:00 0 
7f85a4386000-7f85a8000000 ---p 00000000 00:00 0 
7f85a8000000-7f85a8021000 rw-p 00000000 00:00 0 
7f85a8021000-7f85ac000000 ---p 00000000 00:00 0 
7f85ac000000-7f85ac021000 rw-p 00000000 00:00 0 
7f85ac021000-7f85b0000000 ---p 00000000 00:00 0 
7f85b2096000-7f85b2099000 ---p 00000000 00:00 0 
7f85b2099000-7f85b2197000 rw-p 00000000 00:00 0 
7f85b2197000-7f85b219a000 ---p 00000000 00:00 0 
7f85b219a000-7f85b2458000 rw-p 00000000 00:00 0 
7f85b2458000-7f85b249b000 ---p 00000000 00:00 0 
7f85b249b000-7f85b2599000 rw-p 00000000 00:00 0 
7f85b2599000-7f85b2603000 r-xp 00000000 08:01 38538878                   /usr/lib/jvm/java-8-oracle/jre/lib/amd64/libt2k.so
7f85b2603000-7f85b2802000 ---p 0006a000 08:01 38538878                   /usr/lib/jvm/java-8-oracle/jre/lib/amd64/libt2k.so
7f85b2802000-7f85b2809000 rw-p 00069000 08:01 38538878                   /usr/lib/jvm/java-8-oracle/jre/lib/amd64/libt2k.so
7f85b2809000-7f85b2a19000 rw-p 00000000 00:00 0 
7f85b2a19000-7f85b2a2a000 r-xp 00000000 08:01 38538913                   /usr/lib/jvm/java-8-oracle/jre/lib/amd64/libnio.so
7f85b2a2a000-7f85b2c29000 ---p 00011000 08:01 38538913                   /usr/lib/jvm/java-8-oracle/jre/lib/amd64/libnio.so
7f85b2c29000-7f85b2c2a000 rw-p 00010000 08:01 38538913                   /usr/lib/jvm/java-8-oracle/jre/lib/amd64/libnio.so
7f85b2c2a000-7f85b2c40000 r-xp 00000000 08:01 38538910                   /usr/lib/jvm/java-8-oracle/jre/lib/amd64/libnet.so
7f85b2c40000-7f85b2e40000 ---p 00016000 08:01 38538910                   /usr/lib/jvm/java-8-oracle/jre/lib/amd64/libnet.so
7f85b2e40000-7f85b2e41000 rw-p 00016000 08:01 38538910                   /usr/lib/jvm/java-8-oracle/jre/lib/amd64/libnet.so
7f85b2e41000-7f85b3041000 rw-p 00000000 00:00 0 
7f85b3041000-7f85b3044000 ---p 00000000 00:00 0 
7f85b3044000-7f85b3142000 rw-p 00000000 00:00 0 
7f85b3142000-7f85b3145000 ---p 00000000 00:00 0 
7f85b3145000-7f85b3243000 rw-p 00000000 00:00 0 
7f85b3243000-7f85b3246000 ---p 00000000 00:00 0 
7f85b3246000-7f85b3344000 rw-p 00000000 00:00 0 
7f85b3344000-7f85b3349000 r-xp 00000000 08:01 31989345                   /usr/lib/x86_64-linux-gnu/libXfixes.so.3.1.0
7f85b3349000-7f85b3548000 ---p 00005000 08:01 31989345                   /usr/lib/x86_64-linux-gnu/libXfixes.so.3.1.0
7f85b3548000-7f85b3549000 r--p 00004000 08:01 31989345                   /usr/lib/x86_64-linux-gnu/libXfixes.so.3.1.0
7f85b3549000-7f85b354a000 rw-p 00005000 08:01 31989345                   /usr/lib/x86_64-linux-gnu/libXfixes.so.3.1.0
7f85b354a000-7f85b3553000 r-xp 00000000 08:01 31989337                   /usr/lib/x86_64-linux-gnu/libXcursor.so.1.0.2
7f85b3553000-7f85b3752000 ---p 00009000 08:01 31989337                   /usr/lib/x86_64-linux-gnu/libXcursor.so.1.0.2
7f85b3752000-7f85b3753000 r--p 00008000 08:01 31989337                   /usr/lib/x86_64-linux-gnu/libXcursor.so.1.0.2
7f85b3753000-7f85b3754000 rw-p 00009000 08:01 31989337                   /usr/lib/x86_64-linux-gnu/libXcursor.so.1.0.2
7f85b3754000-7f85b376b000 r-xp 00000000 08:01 40374883                   /lib/x86_64-linux-gnu/libgcc_s.so.1
7f85b376b000-7f85b396a000 ---p 00017000 08:01 40374883                   /lib/x86_64-linux-gnu/libgcc_s.so.1
7f85b396a000-7f85b396b000 r--p 00016000 08:01 40374883                   /lib/x86_64-linux-gnu/libgcc_s.so.1
7f85b396b000-7f85b396c000 rw-p 00017000 08:01 40374883                   /lib/x86_64-linux-gnu/libgcc_s.so.1
7f85b396c000-7f85b39d1000 r-xp 00000000 08:01 38538890                   /usr/lib/jvm/java-8-oracle/jre/lib/amd64/libfontmanager.so
7f85b39d1000-7f85b3bd0000 ---p 00065000 08:01 38538890                   /usr/lib/jvm/java-8-oracle/jre/lib/amd64/libfontmanager.so
7f85b3bd0000-7f85b3bd5000 rw-p 00064000 08:01 38538890                   /usr/lib/jvm/java-8-oracle/jre/lib/amd64/libfontmanager.so
7f85b3bd5000-7f85b3be5000 rw-p 00000000 00:00 0 
7f85b3be5000-7f85b3bf8000 r-xp 00000000 08:01 40374842                   /lib/x86_64-linux-gnu/libbsd.so.0.8.7
7f85b3bf8000-7f85b3df7000 ---p 00013000 08:01 40374842                   /lib/x86_64-linux-gnu/libbsd.so.0.8.7
7f85b3df7000-7f85b3df8000 r--p 00012000 08:01 40374842                   /lib/x86_64-linux-gnu/libbsd.so.0.8.7
7f85b3df8000-7f85b3df9000 rw-p 00013000 08:01 40374842                   /lib/x86_64-linux-gnu/libbsd.so.0.8.7
7f85b3df9000-7f85b3dfa000 rw-p 00000000 00:00 0 
7f85b3dfa000-7f85b3dff000 r-xp 00000000 08:01 31989341                   /usr/lib/x86_64-linux-gnu/libXdmcp.so.6.0.0
7f85b3dff000-7f85b3ffe000 ---p 00005000 08:01 31989341                   /usr/lib/x86_64-linux-gnu/libXdmcp.so.6.0.0
7f85b3ffe000-7f85b3fff000 r--p 00004000 08:01 31989341                   /usr/lib/x86_64-linux-gnu/libXdmcp.so.6.0.0
7f85b3fff000-7f85b4000000 rw-p 00005000 08:01 31989341                   /usr/lib/x86_64-linux-gnu/libXdmcp.so.6.0.0
7f85b4000000-7f85b4021000 rw-p 00000000 00:00 0 
7f85b4021000-7f85b8000000 ---p 00000000 00:00 0 
7f85b8000000-7f85b8021000 rw-p 00000000 00:00 0 
7f85b8021000-7f85bc000000 ---p 00000000 00:00 0 
7f85bc000000-7f85bc168000 rw-p 00000000 00:00 0 
7f85bc168000-7f85c0000000 ---p 00000000 00:00 0 
7f85c0000000-7f85c0777000 rw-p 00000000 00:00 0 
7f85c0777000-7f85c4000000 ---p 00000000 00:00 0 
7f85c4000000-7f85c4021000 rw-p 00000000 00:00 0 
7f85c4021000-7f85c8000000 ---p 00000000 00:00 0 
7f85c8000000-7f85c81bb000 rw-p 00000000 00:00 0 
7f85c81bb000-7f85cc000000 ---p 00000000 00:00 0 
7f85cc000000-7f85cc04b000 rw-p 00000000 00:00 0 
7f85cc04b000-7f85d0000000 ---p 00000000 00:00 0 
7f85d0000000-7f85d0021000 rw-p 00000000 00:00 0 
7f85d0021000-7f85d4000000 ---p 00000000 00:00 0 
7f85d4000000-7f85d4021000 rw-p 00000000 00:00 0 
7f85d4021000-7f85d8000000 ---p 00000000 00:00 0 
7f85d8000000-7f85d8021000 rw-p 00000000 00:00 0 
7f85d8021000-7f85dc000000 ---p 00000000 00:00 0 
7f85dc000000-7f85dc2aa000 rw-p 00000000 00:00 0 
7f85dc2aa000-7f85e0000000 ---p 00000000 00:00 0 
7f85e0000000-7f85e0021000 rw-p 00000000 00:00 0 
7f85e0021000-7f85e4000000 ---p 00000000 00:00 0 
7f85e4000000-7f85e4021000 rw-p 00000000 00:00 0 
7f85e4021000-7f85e8000000 ---p 00000000 00:00 0 
7f85e8000000-7f85e8021000 rw-p 00000000 00:00 0 
7f85e8021000-7f85ec000000 ---p 00000000 00:00 0 
7f85ec000000-7f85ec021000 rw-p 00000000 00:00 0 
7f85ec021000-7f85f0000000 ---p 00000000 00:00 0 
7f85f007b000-7f85f007e000 ---p 00000000 00:00 0 
7f85f007e000-7f85f017c000 rw-p 00000000 00:00 0 
7f85f017c000-7f85f017e000 r-xp 00000000 08:01 31989330                   /usr/lib/x86_64-linux-gnu/libXau.so.6.0.0
7f85f017e000-7f85f037e000 ---p 00002000 08:01 31989330                   /usr/lib/x86_64-linux-gnu/libXau.so.6.0.0
7f85f037e000-7f85f037f000 r--p 00002000 08:01 31989330                   /usr/lib/x86_64-linux-gnu/libXau.so.6.0.0
7f85f037f000-7f85f0380000 rw-p 00003000 08:01 31989330                   /usr/lib/x86_64-linux-gnu/libXau.so.6.0.0
7f85f0380000-7f85f03a6000 r-xp 00000000 08:01 31990534                   /usr/lib/x86_64-linux-gnu/libxcb.so.1.1.0
7f85f03a6000-7f85f05a6000 ---p 00026000 08:01 31990534                   /usr/lib/x86_64-linux-gnu/libxcb.so.1.1.0
7f85f05a6000-7f85f05a7000 r--p 00026000 08:01 31990534                   /usr/lib/x86_64-linux-gnu/libxcb.so.1.1.0
7f85f05a7000-7f85f05a8000 rw-p 00027000 08:01 31990534                   /usr/lib/x86_64-linux-gnu/libxcb.so.1.1.0
7f85f05a8000-7f85f05b7000 r-xp 00000000 08:01 31989351                   /usr/lib/x86_64-linux-gnu/libXi.so.6.1.0
7f85f05b7000-7f85f07b6000 ---p 0000f000 08:01 31989351                   /usr/lib/x86_64-linux-gnu/libXi.so.6.1.0
7f85f07b6000-7f85f07b7000 r--p 0000e000 08:01 31989351                   /usr/lib/x86_64-linux-gnu/libXi.so.6.1.0
7f85f07b7000-7f85f07b8000 rw-p 0000f000 08:01 31989351                   /usr/lib/x86_64-linux-gnu/libXi.so.6.1.0
7f85f07b8000-7f85f07bd000 r-xp 00000000 08:01 31989369                   /usr/lib/x86_64-linux-gnu/libXtst.so.6.1.0
7f85f07bd000-7f85f09bc000 ---p 00005000 08:01 31989369                   /usr/lib/x86_64-linux-gnu/libXtst.so.6.1.0
7f85f09bc000-7f85f09bd000 r--p 00004000 08:01 31989369                   /usr/lib/x86_64-linux-gnu/libXtst.so.6.1.0
7f85f09bd000-7f85f09be000 rw-p 00005000 08:01 31989369                   /usr/lib/x86_64-linux-gnu/libXtst.so.6.1.0
7f85f09be000-7f85f09c7000 r-xp 00000000 08:01 31989363                   /usr/lib/x86_64-linux-gnu/libXrender.so.1.3.0
7f85f09c7000-7f85f0bc6000 ---p 00009000 08:01 31989363                   /usr/lib/x86_64-linux-gnu/libXrender.so.1.3.0
7f85f0bc6000-7f85f0bc7000 r--p 00008000 08:01 31989363                   /usr/lib/x86_64-linux-gnu/libXrender.so.1.3.0
7f85f0bc7000-7f85f0bc8000 rw-p 00009000 08:01 31989363                   /usr/lib/x86_64-linux-gnu/libXrender.so.1.3.0
7f85f0bc8000-7f85f0cfb000 r-xp 00000000 08:01 31984486                   /usr/lib/x86_64-linux-gnu/libX11.so.6.3.0
7f85f0cfb000-7f85f0efb000 ---p 00133000 08:01 31984486                   /usr/lib/x86_64-linux-gnu/libX11.so.6.3.0
7f85f0efb000-7f85f0efc000 r--p 00133000 08:01 31984486                   /usr/lib/x86_64-linux-gnu/libX11.so.6.3.0
7f85f0efc000-7f85f0f00000 rw-p 00134000 08:01 31984486                   /usr/lib/x86_64-linux-gnu/libX11.so.6.3.0
7f85f0f00000-7f85f0f11000 r-xp 00000000 08:01 31989343                   /usr/lib/x86_64-linux-gnu/libXext.so.6.4.0
7f85f0f11000-7f85f1110000 ---p 00011000 08:01 31989343                   /usr/lib/x86_64-linux-gnu/libXext.so.6.4.0
7f85f1110000-7f85f1111000 r--p 00010000 08:01 31989343                   /usr/lib/x86_64-linux-gnu/libXext.so.6.4.0
7f85f1111000-7f85f1112000 rw-p 00011000 08:01 31989343                   /usr/lib/x86_64-linux-gnu/libXext.so.6.4.0
7f85f1112000-7f85f1166000 r-xp 00000000 08:01 38538917                   /usr/lib/jvm/java-8-oracle/jre/lib/amd64/libawt_xawt.so
7f85f1166000-7f85f1366000 ---p 00054000 08:01 38538917                   /usr/lib/jvm/java-8-oracle/jre/lib/amd64/libawt_xawt.so
7f85f1366000-7f85f136a000 rw-p 00054000 08:01 38538917                   /usr/lib/jvm/java-8-oracle/jre/lib/amd64/libawt_xawt.so
7f85f136a000-7f85f136b000 rw-p 00000000 00:00 0 
7f85f136b000-7f85f140d000 r-xp 00000000 08:01 38538903                   /usr/lib/jvm/java-8-oracle/jre/lib/amd64/libawt.so
7f85f140d000-7f85f160d000 ---p 000a2000 08:01 38538903                   /usr/lib/jvm/java-8-oracle/jre/lib/amd64/libawt.so
7f85f160d000-7f85f1619000 rw-p 000a2000 08:01 38538903                   /usr/lib/jvm/java-8-oracle/jre/lib/amd64/libawt.so
7f85f1619000-7f85f163d000 rw-p 00000000 00:00 0 
7f85f163d000-7f85f163e000 ---p 00000000 00:00 0 
7f85f163e000-7f85f173e000 rw-p 00000000 00:00 0 
7f85f173e000-7f85f1741000 ---p 00000000 00:00 0 
7f85f1741000-7f85f183f000 rw-p 00000000 00:00 0 
7f85f183f000-7f85f1840000 ---p 00000000 00:00 0 
7f85f1840000-7f85f1843000 ---p 00000000 00:00 0 
7f85f1843000-7f85f1940000 rw-p 00000000 00:00 0 
7f85f1940000-7f85f1941000 ---p 00000000 00:00 0 
7f85f1941000-7f85f1944000 ---p 00000000 00:00 0 
7f85f1944000-7f85f1a41000 rw-p 00000000 00:00 0 
7f85f1a41000-7f85f1a42000 ---p 00000000 00:00 0 
7f85f1a42000-7f85f1a45000 ---p 00000000 00:00 0 
7f85f1a45000-7f85f1b42000 rw-p 00000000 00:00 0 
7f85f1b42000-7f85f1b45000 ---p 00000000 00:00 0 
7f85f1b45000-7f85f1c43000 rw-p 00000000 00:00 0 
7f85f1c43000-7f85f1c46000 ---p 00000000 00:00 0 
7f85f1c46000-7f85f1d44000 rw-p 00000000 00:00 0 
7f85f1d44000-7f85f1d47000 ---p 00000000 00:00 0 
7f85f1d47000-7f85f1e45000 rw-p 00000000 00:00 0 
7f85f1e45000-7f85f1e49000 r-xp 00000000 08:01 38538879                   /usr/lib/jvm/java-8-oracle/jre/lib/amd64/libdt_socket.so
7f85f1e49000-7f85f2048000 ---p 00004000 08:01 38538879                   /usr/lib/jvm/java-8-oracle/jre/lib/amd64/libdt_socket.so
7f85f2048000-7f85f2049000 rw-p 00003000 08:01 38538879                   /usr/lib/jvm/java-8-oracle/jre/lib/amd64/libdt_socket.so
7f85f2049000-7f85f204c000 ---p 00000000 00:00 0 
7f85f204c000-7f85f214a000 rw-p 00000000 00:00 0 
7f85f214a000-7f85f214d000 ---p 00000000 00:00 0 
7f85f214d000-7f85f224b000 rw-p 00000000 00:00 0 
7f85f224b000-7f85f224e000 ---p 00000000 00:00 0 
7f85f224e000-7f85f234c000 rw-p 00000000 00:00 0 
7f85f234c000-7f85f234d000 ---p 00000000 00:00 0 
7f85f234d000-7f85f325b000 rw-p 00000000 00:00 0 
7f85f325b000-7f85f3435000 r--s 03d6b000 08:01 37619970                   /usr/lib/jvm/java-8-oracle/jre/lib/rt.jar
7f85f3435000-7f85f4000000 rw-p 00000000 00:00 0 
7f85f4000000-7f85f4021000 rw-p 00000000 00:00 0 
7f85f4021000-7f85f8000000 ---p 00000000 00:00 0 
7f85f8009000-7f85fbdba000 rw-p 00000000 00:00 0 
7f85fbdba000-7f85fbdbb000 ---p 00000000 00:00 0 
7f85fbdbb000-7f85fbebb000 rw-p 00000000 00:00 0 
7f85fbebb000-7f85fbebc000 ---p 00000000 00:00 0 
7f85fbebc000-7f85fbfbc000 rw-p 00000000 00:00 0 
7f85fbfbc000-7f85fbfbd000 ---p 00000000 00:00 0 
7f85fbfbd000-7f85fc0bd000 rw-p 00000000 00:00 0 
7f85fc0bd000-7f85fc0be000 ---p 00000000 00:00 0 
7f85fc0be000-7f85fc1e7000 rw-p 00000000 00:00 0 
7f85fc1e7000-7f85fc446000 ---p 00000000 00:00 0 
7f85fc446000-7f85fc46f000 rw-p 00000000 00:00 0 
7f85fc46f000-7f85fc6cd000 ---p 00000000 00:00 0 
7f85fc6cd000-7f85fc6e2000 rw-p 00000000 00:00 0 
7f85fc6e2000-7f85fc811000 ---p 00000000 00:00 0 
7f85fc811000-7f85fc822000 rw-p 00000000 00:00 0 
7f85fc822000-7f85fcbd2000 ---p 00000000 00:00 0 
7f85fcbd2000-7f85fcfc2000 rwxp 00000000 00:00 0 
7f85fcfc2000-7f860bbd2000 ---p 00000000 00:00 0 
7f860bbd2000-7f860bbed000 r-xp 00000000 08:01 38538906                   /usr/lib/jvm/java-8-oracle/jre/lib/amd64/libzip.so
7f860bbed000-7f860bded000 ---p 0001b000 08:01 38538906                   /usr/lib/jvm/java-8-oracle/jre/lib/amd64/libzip.so
7f860bded000-7f860bdee000 rw-p 0001b000 08:01 38538906                   /usr/lib/jvm/java-8-oracle/jre/lib/amd64/libzip.so
7f860bdee000-7f860bdf9000 r-xp 00000000 08:01 40374936                   /lib/x86_64-linux-gnu/libnss_files-2.27.so
7f860bdf9000-7f860bff8000 ---p 0000b000 08:01 40374936                   /lib/x86_64-linux-gnu/libnss_files-2.27.so
7f860bff8000-7f860bff9000 r--p 0000a000 08:01 40374936                   /lib/x86_64-linux-gnu/libnss_files-2.27.so
7f860bff9000-7f860bffa000 rw-p 0000b000 08:01 40374936                   /lib/x86_64-linux-gnu/libnss_files-2.27.so
7f860bffa000-7f860c000000 rw-p 00000000 00:00 0 
7f860c000000-7f860c5a5000 rw-p 00000000 00:00 0 
7f860c5a5000-7f8610000000 ---p 00000000 00:00 0 
7f8610037000-7f861003a000 r--s 0001a000 08:01 37619981                   /usr/lib/jvm/java-8-oracle/jre/lib/jce.jar
7f861003a000-7f861003f000 r--s 0009d000 08:01 37619975                   /usr/lib/jvm/java-8-oracle/jre/lib/jsse.jar
7f861003f000-7f8610042000 r--s 0001d000 08:01 10488976                   /home/leonardo/eclipse/jee-photon/eclipse/configuration/org.eclipse.osgi/413/0/.cp/lib/javaagent-shaded.jar
7f8610042000-7f8610047000 r--s 00084000 08:01 37619660                   /usr/lib/jvm/java-8-oracle/jre/lib/jfr.jar
7f8610047000-7f86100bd000 rw-p 00000000 00:00 0 
7f86100bd000-7f86100d4000 r-xp 00000000 08:01 40374930                   /lib/x86_64-linux-gnu/libnsl-2.27.so
7f86100d4000-7f86102d3000 ---p 00017000 08:01 40374930                   /lib/x86_64-linux-gnu/libnsl-2.27.so
7f86102d3000-7f86102d4000 r--p 00016000 08:01 40374930                   /lib/x86_64-linux-gnu/libnsl-2.27.so
7f86102d4000-7f86102d5000 rw-p 00017000 08:01 40374930                   /lib/x86_64-linux-gnu/libnsl-2.27.so
7f86102d5000-7f86102d7000 rw-p 00000000 00:00 0 
7f86102d7000-7f86102e2000 r-xp 00000000 08:01 40374947                   /lib/x86_64-linux-gnu/libnss_nis-2.27.so
7f86102e2000-7f86104e1000 ---p 0000b000 08:01 40374947                   /lib/x86_64-linux-gnu/libnss_nis-2.27.so
7f86104e1000-7f86104e2000 r--p 0000a000 08:01 40374947                   /lib/x86_64-linux-gnu/libnss_nis-2.27.so
7f86104e2000-7f86104e3000 rw-p 0000b000 08:01 40374947                   /lib/x86_64-linux-gnu/libnss_nis-2.27.so
7f86104e3000-7f86104eb000 r-xp 00000000 08:01 40374932                   /lib/x86_64-linux-gnu/libnss_compat-2.27.so
7f86104eb000-7f86106eb000 ---p 00008000 08:01 40374932                   /lib/x86_64-linux-gnu/libnss_compat-2.27.so
7f86106eb000-7f86106ec000 r--p 00008000 08:01 40374932                   /lib/x86_64-linux-gnu/libnss_compat-2.27.so
7f86106ec000-7f86106ed000 rw-p 00009000 08:01 40374932                   /lib/x86_64-linux-gnu/libnss_compat-2.27.so
7f86106ed000-7f86106f7000 r-xp 00000000 08:01 38538915                   /usr/lib/jvm/java-8-oracle/jre/lib/amd64/libinstrument.so
7f86106f7000-7f86108f6000 ---p 0000a000 08:01 38538915                   /usr/lib/jvm/java-8-oracle/jre/lib/amd64/libinstrument.so
7f86108f6000-7f86108f7000 rw-p 00009000 08:01 38538915                   /usr/lib/jvm/java-8-oracle/jre/lib/amd64/libinstrument.so
7f86108f7000-7f86112c6000 r--p 00000000 08:01 31988283                   /usr/lib/locale/locale-archive
7f86112c6000-7f86112c8000 r-xp 00000000 08:01 38538881                   /usr/lib/jvm/java-8-oracle/jre/lib/amd64/libnpt.so
7f86112c8000-7f86114c8000 ---p 00002000 08:01 38538881                   /usr/lib/jvm/java-8-oracle/jre/lib/amd64/libnpt.so
7f86114c8000-7f86114c9000 rw-p 00002000 08:01 38538881                   /usr/lib/jvm/java-8-oracle/jre/lib/amd64/libnpt.so
7f86114c9000-7f8611503000 r-xp 00000000 08:01 38538893                   /usr/lib/jvm/java-8-oracle/jre/lib/amd64/libjdwp.so
7f8611503000-7f8611702000 ---p 0003a000 08:01 38538893                   /usr/lib/jvm/java-8-oracle/jre/lib/amd64/libjdwp.so
7f8611702000-7f8611703000 rw-p 00039000 08:01 38538893                   /usr/lib/jvm/java-8-oracle/jre/lib/amd64/libjdwp.so
7f8611703000-7f8611704000 rw-p 00000000 00:00 0 
7f8611704000-7f861172f000 r-xp 00000000 08:01 38538900                   /usr/lib/jvm/java-8-oracle/jre/lib/amd64/libjava.so
7f861172f000-7f861192e000 ---p 0002b000 08:01 38538900                   /usr/lib/jvm/java-8-oracle/jre/lib/amd64/libjava.so
7f861192e000-7f8611930000 rw-p 0002a000 08:01 38538900                   /usr/lib/jvm/java-8-oracle/jre/lib/amd64/libjava.so
7f8611930000-7f861193d000 r-xp 00000000 08:01 38538905                   /usr/lib/jvm/java-8-oracle/jre/lib/amd64/libverify.so
7f861193d000-7f8611b3d000 ---p 0000d000 08:01 38538905                   /usr/lib/jvm/java-8-oracle/jre/lib/amd64/libverify.so
7f8611b3d000-7f8611b3f000 rw-p 0000d000 08:01 38538905                   /usr/lib/jvm/java-8-oracle/jre/lib/amd64/libverify.so
7f8611b3f000-7f8611b46000 r-xp 00000000 08:01 40374987                   /lib/x86_64-linux-gnu/librt-2.27.so
7f8611b46000-7f8611d45000 ---p 00007000 08:01 40374987                   /lib/x86_64-linux-gnu/librt-2.27.so
7f8611d45000-7f8611d46000 r--p 00006000 08:01 40374987                   /lib/x86_64-linux-gnu/librt-2.27.so
7f8611d46000-7f8611d47000 rw-p 00007000 08:01 40374987                   /lib/x86_64-linux-gnu/librt-2.27.so
7f8611d47000-7f8611ee4000 r-xp 00000000 08:01 40374909                   /lib/x86_64-linux-gnu/libm-2.27.so
7f8611ee4000-7f86120e3000 ---p 0019d000 08:01 40374909                   /lib/x86_64-linux-gnu/libm-2.27.so
7f86120e3000-7f86120e4000 r--p 0019c000 08:01 40374909                   /lib/x86_64-linux-gnu/libm-2.27.so
7f86120e4000-7f86120e5000 rw-p 0019d000 08:01 40374909                   /lib/x86_64-linux-gnu/libm-2.27.so
7f86120e5000-7f8612dc1000 r-xp 00000000 08:01 38671002                   /usr/lib/jvm/java-8-oracle/jre/lib/amd64/server/libjvm.so
7f8612dc1000-7f8612fc1000 ---p 00cdc000 08:01 38671002                   /usr/lib/jvm/java-8-oracle/jre/lib/amd64/server/libjvm.so
7f8612fc1000-7f861309b000 rw-p 00cdc000 08:01 38671002                   /usr/lib/jvm/java-8-oracle/jre/lib/amd64/server/libjvm.so
7f861309b000-7f86130e6000 rw-p 00000000 00:00 0 
7f86130e6000-7f86132cd000 r-xp 00000000 08:01 40374846                   /lib/x86_64-linux-gnu/libc-2.27.so
7f86132cd000-7f86134cd000 ---p 001e7000 08:01 40374846                   /lib/x86_64-linux-gnu/libc-2.27.so
7f86134cd000-7f86134d1000 r--p 001e7000 08:01 40374846                   /lib/x86_64-linux-gnu/libc-2.27.so
7f86134d1000-7f86134d3000 rw-p 001eb000 08:01 40374846                   /lib/x86_64-linux-gnu/libc-2.27.so
7f86134d3000-7f86134d7000 rw-p 00000000 00:00 0 
7f86134d7000-7f86134da000 r-xp 00000000 08:01 40374869                   /lib/x86_64-linux-gnu/libdl-2.27.so
7f86134da000-7f86136d9000 ---p 00003000 08:01 40374869                   /lib/x86_64-linux-gnu/libdl-2.27.so
7f86136d9000-7f86136da000 r--p 00002000 08:01 40374869                   /lib/x86_64-linux-gnu/libdl-2.27.so
7f86136da000-7f86136db000 rw-p 00003000 08:01 40374869                   /lib/x86_64-linux-gnu/libdl-2.27.so
7f86136db000-7f86136f1000 r-xp 00000000 08:01 37488202                   /usr/lib/jvm/java-8-oracle/lib/amd64/jli/libjli.so
7f86136f1000-7f86138f0000 ---p 00016000 08:01 37488202                   /usr/lib/jvm/java-8-oracle/lib/amd64/jli/libjli.so
7f86138f0000-7f86138f1000 rw-p 00015000 08:01 37488202                   /usr/lib/jvm/java-8-oracle/lib/amd64/jli/libjli.so
7f86138f1000-7f861390b000 r-xp 00000000 08:01 40374979                   /lib/x86_64-linux-gnu/libpthread-2.27.so
7f861390b000-7f8613b0a000 ---p 0001a000 08:01 40374979                   /lib/x86_64-linux-gnu/libpthread-2.27.so
7f8613b0a000-7f8613b0b000 r--p 00019000 08:01 40374979                   /lib/x86_64-linux-gnu/libpthread-2.27.so
7f8613b0b000-7f8613b0c000 rw-p 0001a000 08:01 40374979                   /lib/x86_64-linux-gnu/libpthread-2.27.so
7f8613b0c000-7f8613b10000 rw-p 00000000 00:00 0 
7f8613b10000-7f8613b37000 r-xp 00000000 08:01 40374818                   /lib/x86_64-linux-gnu/ld-2.27.so
7f8613b38000-7f8613b4b000 r--s 00345000 08:01 37619974                   /usr/lib/jvm/java-8-oracle/jre/lib/resources.jar
7f8613b4b000-7f8613c1b000 rw-p 00000000 00:00 0 
7f8613c1b000-7f8613c1c000 ---p 00000000 00:00 0 
7f8613c1c000-7f8613c1f000 ---p 00000000 00:00 0 
7f8613c1f000-7f8613d20000 rw-p 00000000 00:00 0 
7f8613d20000-7f8613d25000 r--s 002f9000 08:01 37619968                   /usr/lib/jvm/java-8-oracle/jre/lib/charsets.jar
7f8613d25000-7f8613d28000 r--s 0001a000 08:01 37619981                   /usr/lib/jvm/java-8-oracle/jre/lib/jce.jar
7f8613d28000-7f8613d2d000 r--s 0009d000 08:01 37619975                   /usr/lib/jvm/java-8-oracle/jre/lib/jsse.jar
7f8613d2d000-7f8613d35000 rw-s 00000000 08:01 32378689                   /tmp/hsperfdata_leonardo/14221
7f8613d35000-7f8613d36000 rw-p 00000000 00:00 0 
7f8613d36000-7f8613d37000 ---p 00000000 00:00 0 
7f8613d37000-7f8613d38000 r--p 00027000 08:01 40374818                   /lib/x86_64-linux-gnu/ld-2.27.so
7f8613d38000-7f8613d39000 rw-p 00028000 08:01 40374818                   /lib/x86_64-linux-gnu/ld-2.27.so
7f8613d39000-7f8613d3a000 rw-p 00000000 00:00 0 
7ffc99f53000-7ffc99f74000 rw-p 00000000 00:00 0                          [stack]
7ffc99f8f000-7ffc99f92000 r--p 00000000 00:00 0                          [vvar]
7ffc99f92000-7ffc99f94000 r-xp 00000000 00:00 0                          [vdso]
ffffffffff600000-ffffffffff601000 r-xp 00000000 00:00 0                  [vsyscall]

VM Arguments:
jvm_args: -agentlib:jdwp=transport=dt_socket,suspend=y,address=localhost:37635 -javaagent:/home/leonardo/eclipse/jee-photon/eclipse/configuration/org.eclipse.osgi/413/0/.cp/lib/javaagent-shaded.jar -Dfile.encoding=UTF-8 
java_command: mainpackage.MainClass
java_class_path (initial): /usr/lib/jvm/java-8-oracle/jre/lib/resources.jar:/usr/lib/jvm/java-8-oracle/jre/lib/rt.jar:/usr/lib/jvm/java-8-oracle/jre/lib/jsse.jar:/usr/lib/jvm/java-8-oracle/jre/lib/jce.jar:/usr/lib/jvm/java-8-oracle/jre/lib/charsets.jar:/usr/lib/jvm/java-8-oracle/jre/lib/jfr.jar:/usr/lib/jvm/java-8-oracle/jre/lib/ext/jaccess.jar:/usr/lib/jvm/java-8-oracle/jre/lib/ext/dnsns.jar:/usr/lib/jvm/java-8-oracle/jre/lib/ext/zipfs.jar:/usr/lib/jvm/java-8-oracle/jre/lib/ext/sunjce_provider.jar:/usr/lib/jvm/java-8-oracle/jre/lib/ext/nashorn.jar:/usr/lib/jvm/java-8-oracle/jre/lib/ext/cldrdata.jar:/usr/lib/jvm/java-8-oracle/jre/lib/ext/jfxrt.jar:/usr/lib/jvm/java-8-oracle/jre/lib/ext/sunec.jar:/usr/lib/jvm/java-8-oracle/jre/lib/ext/sunpkcs11.jar:/usr/lib/jvm/java-8-oracle/jre/lib/ext/localedata.jar:/home/leonardo/eclipse-workspace/Erasmo/bin:/home/leonardo/eclipse/jee-photon/eclipse/configuration/org.eclipse.osgi/413/0/.cp/lib/javaagent-shaded.jar
Launcher Type: SUN_STANDARD

Environment Variables:
JAVA_HOME=/usr/lib/jvm/java-8-oracle
PATH=/usr/local/sbin:/usr/local/bin:/usr/sbin:/usr/bin:/sbin:/bin:/usr/games:/usr/local/games:/snap/bin:/usr/lib/jvm/java-8-oracle/bin:/usr/lib/jvm/java-8-oracle/db/bin:/usr/lib/jvm/java-8-oracle/jre/bin
USERNAME=leonardo
SHELL=/bin/bash
DISPLAY=:0

Signal Handlers:
SIGSEGV: [libjvm.so+0xad2a40], sa_mask[0]=11111111011111111101111111111110, sa_flags=SA_RESTART|SA_SIGINFO
SIGBUS: [libjvm.so+0xad2a40], sa_mask[0]=11111111011111111101111111111110, sa_flags=SA_RESTART|SA_SIGINFO
SIGFPE: [libjvm.so+0x92a610], sa_mask[0]=11111111011111111101111111111110, sa_flags=SA_RESTART|SA_SIGINFO
SIGPIPE: [libjvm.so+0x92a610], sa_mask[0]=11111111011111111101111111111110, sa_flags=SA_RESTART|SA_SIGINFO
SIGXFSZ: [libjvm.so+0x92a610], sa_mask[0]=11111111011111111101111111111110, sa_flags=SA_RESTART|SA_SIGINFO
SIGILL: [libjvm.so+0x92a610], sa_mask[0]=11111111011111111101111111111110, sa_flags=SA_RESTART|SA_SIGINFO
SIGUSR1: SIG_DFL, sa_mask[0]=00000000000000000000000000000000, sa_flags=none
SIGUSR2: [libjvm.so+0x92be70], sa_mask[0]=00100000000000000000000000000000, sa_flags=SA_RESTART|SA_SIGINFO
SIGHUP: [libjvm.so+0x92d270], sa_mask[0]=11111111011111111101111111111110, sa_flags=SA_RESTART|SA_SIGINFO
SIGINT: [libjvm.so+0x92d270], sa_mask[0]=11111111011111111101111111111110, sa_flags=SA_RESTART|SA_SIGINFO
SIGTERM: [libjvm.so+0x92d270], sa_mask[0]=11111111011111111101111111111110, sa_flags=SA_RESTART|SA_SIGINFO
SIGQUIT: [libjvm.so+0x92d270], sa_mask[0]=11111111011111111101111111111110, sa_flags=SA_RESTART|SA_SIGINFO


---------------  S Y S T E M  ---------------

OS:DISTRIB_ID=Ubuntu
DISTRIB_RELEASE=18.04
DISTRIB_CODENAME=bionic
DISTRIB_DESCRIPTION="Ubuntu 18.04.1 LTS"

uname:Linux 4.15.0-33-generic #36-Ubuntu SMP Wed Aug 15 16:00:05 UTC 2018 x86_64
libc:glibc 2.27 NPTL 2.27 
rlimit: STACK 8192k, CORE 0k, NPROC 30806, NOFILE 4096, AS infinity
load average:3.42 3.33 3.27

/proc/meminfo:
MemTotal:        7946908 kB
MemFree:          310508 kB
MemAvailable:    2208652 kB
Buffers:           89976 kB
Cached:          2922596 kB
SwapCached:            0 kB
Active:          4905624 kB
Inactive:        2297380 kB
Active(anon):    4218864 kB
Inactive(anon):   938476 kB
Active(file):     686760 kB
Inactive(file):  1358904 kB
Unevictable:         176 kB
Mlocked:             176 kB
SwapTotal:       2097148 kB
SwapFree:        2097148 kB
Dirty:              7992 kB
Writeback:             0 kB
AnonPages:       4190708 kB
Mapped:           751808 kB
Shmem:            966908 kB
Slab:             236880 kB
SReclaimable:     154284 kB
SUnreclaim:        82596 kB
KernelStack:       17920 kB
PageTables:        89100 kB
NFS_Unstable:          0 kB
Bounce:                0 kB
WritebackTmp:          0 kB
CommitLimit:     6070600 kB
Committed_AS:   14490808 kB
VmallocTotal:   34359738367 kB
VmallocUsed:           0 kB
VmallocChunk:          0 kB
HardwareCorrupted:     0 kB
AnonHugePages:      2048 kB
ShmemHugePages:        0 kB
ShmemPmdMapped:        0 kB
CmaTotal:              0 kB
CmaFree:               0 kB
HugePages_Total:       0
HugePages_Free:        0
HugePages_Rsvd:        0
HugePages_Surp:        0
Hugepagesize:       2048 kB
DirectMap4k:      339572 kB
DirectMap2M:     7825408 kB
DirectMap1G:           0 kB


CPU:total 4 (initial active 4) (2 cores per cpu, 2 threads per core) family 6 model 142 stepping 9, cmov, cx8, fxsr, mmx, sse, sse2, sse3, ssse3, sse4.1, sse4.2, popcnt, avx, avx2, aes, clmul, erms, 3dnowpref, lzcnt, ht, tsc, tscinvbit, bmi1, bmi2, adx

/proc/cpuinfo:
processor	: 0
vendor_id	: GenuineIntel
cpu family	: 6
model		: 142
model name	: Intel(R) Core(TM) i7-7500U CPU @ 2.70GHz
stepping	: 9
microcode	: 0x8e
cpu MHz		: 3464.785
cache size	: 4096 KB
physical id	: 0
siblings	: 4
core id		: 0
cpu cores	: 2
apicid		: 0
initial apicid	: 0
fpu		: yes
fpu_exception	: yes
cpuid level	: 22
wp		: yes
flags		: fpu vme de pse tsc msr pae mce cx8 apic sep mtrr pge mca cmov pat pse36 clflush dts acpi mmx fxsr sse sse2 ss ht tm pbe syscall nx pdpe1gb rdtscp lm constant_tsc art arch_perfmon pebs bts rep_good nopl xtopology nonstop_tsc cpuid aperfmperf tsc_known_freq pni pclmulqdq dtes64 monitor ds_cpl vmx est tm2 ssse3 sdbg fma cx16 xtpr pdcm pcid sse4_1 sse4_2 x2apic movbe popcnt tsc_deadline_timer aes xsave avx f16c rdrand lahf_lm abm 3dnowprefetch cpuid_fault invpcid_single pti ssbd ibrs ibpb stibp tpr_shadow vnmi flexpriority ept vpid fsgsbase tsc_adjust bmi1 avx2 smep bmi2 erms invpcid mpx rdseed adx smap clflushopt intel_pt xsaveopt xsavec xgetbv1 xsaves dtherm ida arat pln pts hwp hwp_notify hwp_act_window hwp_epp flush_l1d
bugs		: cpu_meltdown spectre_v1 spectre_v2 spec_store_bypass l1tf
bogomips	: 5808.00
clflush size	: 64
cache_alignment	: 64
address sizes	: 39 bits physical, 48 bits virtual
power management:

processor	: 1
vendor_id	: GenuineIntel
cpu family	: 6
model		: 142
model name	: Intel(R) Core(TM) i7-7500U CPU @ 2.70GHz
stepping	: 9
microcode	: 0x8e
cpu MHz		: 3500.075
cache size	: 4096 KB
physical id	: 0
siblings	: 4
core id		: 1
cpu cores	: 2
apicid		: 2
initial apicid	: 2
fpu		: yes
fpu_exception	: yes
cpuid level	: 22
wp		: yes
flags		: fpu vme de pse tsc msr pae mce cx8 apic sep mtrr pge mca cmov pat pse36 clflush dts acpi mmx fxsr sse sse2 ss ht tm pbe syscall nx pdpe1gb rdtscp lm constant_tsc art arch_perfmon pebs bts rep_good nopl xtopology nonstop_tsc cpuid aperfmperf tsc_known_freq pni pclmulqdq dtes64 monitor ds_cpl vmx est tm2 ssse3 sdbg fma cx16 xtpr pdcm pcid sse4_1 sse4_2 x2apic movbe popcnt tsc_deadline_timer aes xsave avx f16c rdrand lahf_lm abm 3dnowprefetch cpuid_fault invpcid_single pti ssbd ibrs ibpb stibp tpr_shadow vnmi flexpriority ept vpid fsgsbase tsc_adjust bmi1 avx2 smep bmi2 erms invpcid mpx rdseed adx smap clflushopt intel_pt xsaveopt xsavec xgetbv1 xsaves dtherm ida arat pln pts hwp hwp_notify hwp_act_window hwp_epp flush_l1d
bugs		: cpu_meltdown spectre_v1 spectre_v2 spec_store_bypass l1tf
bogomips	: 5808.00
clflush size	: 64
cache_alignment	: 64
address sizes	: 39 bits physical, 48 bits virtual
power management:

processor	: 2
vendor_id	: GenuineIntel
cpu family	: 6
model		: 142
model name	: Intel(R) Core(TM) i7-7500U CPU @ 2.70GHz
stepping	: 9
microcode	: 0x8e
cpu MHz		: 3500.071
cache size	: 4096 KB
physical id	: 0
siblings	: 4
core id		: 0
cpu cores	: 2
apicid		: 1
initial apicid	: 1
fpu		: yes
fpu_exception	: yes
cpuid level	: 22
wp		: yes
flags		: fpu vme de pse tsc msr pae mce cx8 apic sep mtrr pge mca cmov pat pse36 clflush dts acpi mmx fxsr sse sse2 ss ht tm pbe syscall nx pdpe1gb rdtscp lm constant_tsc art arch_perfmon pebs bts rep_good nopl xtopology nonstop_tsc cpuid aperfmperf tsc_known_freq pni pclmulqdq dtes64 monitor ds_cpl vmx est tm2 ssse3 sdbg fma cx16 xtpr pdcm pcid sse4_1 sse4_2 x2apic movbe popcnt tsc_deadline_timer aes xsave avx f16c rdrand lahf_lm abm 3dnowprefetch cpuid_fault invpcid_single pti ssbd ibrs ibpb stibp tpr_shadow vnmi flexpriority ept vpid fsgsbase tsc_adjust bmi1 avx2 smep bmi2 erms invpcid mpx rdseed adx smap clflushopt intel_pt xsaveopt xsavec xgetbv1 xsaves dtherm ida arat pln pts hwp hwp_notify hwp_act_window hwp_epp flush_l1d
bugs		: cpu_meltdown spectre_v1 spectre_v2 spec_store_bypass l1tf
bogomips	: 5808.00
clflush size	: 64
cache_alignment	: 64
address sizes	: 39 bits physical, 48 bits virtual
power management:

processor	: 3
vendor_id	: GenuineIntel
cpu family	: 6
model		: 142
model name	: Intel(R) Core(TM) i7-7500U CPU @ 2.70GHz
stepping	: 9
microcode	: 0x8e
cpu MHz		: 3499.996
cache size	: 4096 KB
physical id	: 0
siblings	: 4
core id		: 1
cpu cores	: 2
apicid		: 3
initial apicid	: 3
fpu		: yes
fpu_exception	: yes
cpuid level	: 22
wp		: yes
flags		: fpu vme de pse tsc msr pae mce cx8 apic sep mtrr pge mca cmov pat pse36 clflush dts acpi mmx fxsr sse sse2 ss ht tm pbe syscall nx pdpe1gb rdtscp lm constant_tsc art arch_perfmon pebs bts rep_good nopl xtopology nonstop_tsc cpuid aperfmperf tsc_known_freq pni pclmulqdq dtes64 monitor ds_cpl vmx est tm2 ssse3 sdbg fma cx16 xtpr pdcm pcid sse4_1 sse4_2 x2apic movbe popcnt tsc_deadline_timer aes xsave avx f16c rdrand lahf_lm abm 3dnowprefetch cpuid_fault invpcid_single pti ssbd ibrs ibpb stibp tpr_shadow vnmi flexpriority ept vpid fsgsbase tsc_adjust bmi1 avx2 smep bmi2 erms invpcid mpx rdseed adx smap clflushopt intel_pt xsaveopt xsavec xgetbv1 xsaves dtherm ida arat pln pts hwp hwp_notify hwp_act_window hwp_epp flush_l1d
bugs		: cpu_meltdown spectre_v1 spectre_v2 spec_store_bypass l1tf
bogomips	: 5808.00
clflush size	: 64
cache_alignment	: 64
address sizes	: 39 bits physical, 48 bits virtual
power management:



Memory: 4k page, physical 7946908k(310260k free), swap 2097148k(2097148k free)

vm_info: Java HotSpot(TM) 64-Bit Server VM (25.181-b13) for linux-amd64 JRE (1.8.0_181-b13), built on Jul  7 2018 00:56:38 by "java_re" with gcc 4.3.0 20080428 (Red Hat 4.3.0-8)

time: Sat Sep 15 15:58:54 2018
elapsed time: 44 seconds (0d 0h 0m 44s)

